mode: set
booker/cmd/chat.go:30.13,39.2 7 1
booker/cmd/chat.go:70.45,113.2 1 1
booker/cmd/chat.go:117.59,120.52 3 1
booker/cmd/chat.go:120.52,122.3 1 1
booker/cmd/chat.go:123.2,124.27 2 1
booker/cmd/chat.go:124.27,126.3 1 1
booker/cmd/chat.go:127.2,127.25 1 1
booker/cmd/chat.go:127.25,129.3 1 1
booker/cmd/chat.go:130.2,130.40 1 1
booker/cmd/chat.go:135.58,137.53 1 1
booker/cmd/chat.go:137.53,140.36 2 1
booker/cmd/chat.go:140.36,141.12 1 1
booker/cmd/chat.go:144.3,145.58 2 1
booker/cmd/chat.go:145.58,146.12 1 0
booker/cmd/chat.go:148.3,148.69 1 1
booker/cmd/chat.go:148.69,149.12 1 1
booker/cmd/chat.go:151.3,151.17 1 1
booker/cmd/chat.go:153.2,153.28 1 1
booker/cmd/chat.go:158.58,160.21 2 1
booker/cmd/chat.go:160.21,162.3 1 1
booker/cmd/chat.go:163.2,164.17 2 1
booker/cmd/chat.go:164.17,166.3 1 1
booker/cmd/chat.go:167.2,168.18 2 1
booker/cmd/chat.go:168.18,170.3 1 1
booker/cmd/chat.go:171.2,172.19 2 1
booker/cmd/chat.go:172.19,174.3 1 1
booker/cmd/chat.go:175.2,199.3 1 1
booker/cmd/chat.go:205.81,206.23 1 1
booker/cmd/chat.go:206.23,208.3 1 1
booker/cmd/chat.go:210.2,211.32 2 1
booker/cmd/chat.go:211.32,212.37 1 1
booker/cmd/chat.go:212.37,214.4 1 0
booker/cmd/chat.go:215.3,215.37 1 1
booker/cmd/chat.go:215.37,217.4 1 1
booker/cmd/chat.go:220.2,222.23 3 1
booker/cmd/chat.go:222.23,224.3 1 1
booker/cmd/chat.go:225.2,229.11 3 1
booker/cmd/chat.go:229.11,231.3 1 1
booker/cmd/chat.go:232.2,232.25 1 1
booker/cmd/chat.go:232.25,234.62 2 1
booker/cmd/chat.go:234.62,235.12 1 0
booker/cmd/chat.go:237.3,239.20 3 1
booker/cmd/chat.go:239.20,241.4 1 1
booker/cmd/chat.go:242.3,244.17 3 1
booker/cmd/chat.go:244.17,246.4 1 1
booker/cmd/chat.go:247.3,248.109 1 1
booker/cmd/chat.go:252.2,253.24 2 1
booker/cmd/chat.go:253.24,255.3 1 1
booker/cmd/chat.go:256.2,256.25 1 1
booker/cmd/chat.go:256.25,258.3 1 0
booker/cmd/chat.go:259.2,260.19 2 1
booker/cmd/chat.go:264.51,267.12 3 1
booker/cmd/chat.go:267.12,269.3 1 1
booker/cmd/chat.go:270.2,270.36 1 1
booker/cmd/chat.go:275.55,277.25 2 1
booker/cmd/chat.go:277.25,279.3 1 1
booker/cmd/chat.go:280.2,280.30 1 1
booker/cmd/chat.go:280.30,282.3 1 1
booker/cmd/chat.go:283.2,283.32 1 1
booker/cmd/chat.go:283.32,285.3 1 1
booker/cmd/chat.go:286.2,286.29 1 1
booker/cmd/chat.go:286.29,288.3 1 1
booker/cmd/chat.go:289.2,289.27 1 1
booker/cmd/chat.go:289.27,291.3 1 1
booker/cmd/chat.go:292.2,292.28 1 1
booker/cmd/chat.go:292.28,294.3 1 1
booker/cmd/chat.go:295.2,295.24 1 1
booker/cmd/chat.go:295.24,297.3 1 1
booker/cmd/chat.go:298.2,298.26 1 1
booker/cmd/chat.go:298.26,300.3 1 1
booker/cmd/chat.go:301.2,301.26 1 1
booker/cmd/chat.go:301.26,303.3 1 1
booker/cmd/chat.go:304.2,304.36 1 1
booker/cmd/chat.go:304.36,306.3 1 1
booker/cmd/chat.go:307.2,307.33 1 1
booker/cmd/chat.go:307.33,309.3 1 1
booker/cmd/chat.go:310.2,310.34 1 1
booker/cmd/chat.go:310.34,312.3 1 1
booker/cmd/chat.go:313.2,313.31 1 1
booker/cmd/chat.go:313.31,315.3 1 1
booker/cmd/chat.go:316.2,316.32 1 1
booker/cmd/chat.go:316.32,318.3 1 1
booker/cmd/chat.go:319.2,319.34 1 1
booker/cmd/chat.go:319.34,321.3 1 1
booker/cmd/chat.go:322.2,322.25 1 1
booker/cmd/chat.go:322.25,324.3 1 1
booker/cmd/chat.go:325.2,325.32 1 1
booker/cmd/chat.go:325.32,327.3 1 1
booker/cmd/chat.go:328.2,328.36 1 1
booker/cmd/chat.go:328.36,330.3 1 1
booker/cmd/chat.go:331.2,331.34 1 1
booker/cmd/chat.go:331.34,333.3 1 1
booker/cmd/chat.go:334.2,334.34 1 1
booker/cmd/chat.go:334.34,336.3 1 1
booker/cmd/chat.go:337.2,337.26 1 1
booker/cmd/chat.go:337.26,339.3 1 1
booker/cmd/chat.go:340.2,340.24 1 1
booker/cmd/chat.go:340.24,342.3 1 1
booker/cmd/chat.go:343.2,343.26 1 1
booker/cmd/chat.go:343.26,345.3 1 1
booker/cmd/chat.go:346.2,346.15 1 1
booker/cmd/chat.go:352.61,353.53 1 1
booker/cmd/chat.go:353.53,356.36 2 1
booker/cmd/chat.go:356.36,357.12 1 1
booker/cmd/chat.go:360.3,361.58 2 1
booker/cmd/chat.go:361.58,362.12 1 0
booker/cmd/chat.go:365.3,373.74 1 1
booker/cmd/chat.go:373.74,375.4 1 1
booker/cmd/chat.go:377.2,377.28 1 1
booker/cmd/chat.go:382.59,383.33 1 1
booker/cmd/chat.go:383.33,385.3 1 1
booker/cmd/chat.go:386.2,386.32 1 1
booker/cmd/chat.go:391.30,409.2 1 1
booker/cmd/chat.go:413.44,415.18 2 1
booker/cmd/chat.go:415.18,417.3 1 1
booker/cmd/chat.go:418.2,418.20 1 1
booker/cmd/chat.go:418.20,420.3 1 1
booker/cmd/chat.go:421.2,421.55 1 1
booker/cmd/chat.go:421.55,423.3 1 1
booker/cmd/chat.go:424.2,424.51 1 1
booker/cmd/chat.go:424.51,426.3 1 1
booker/cmd/chat.go:427.2,427.28 1 1
booker/cmd/chat.go:427.28,429.3 1 1
booker/cmd/chat.go:430.2,430.31 1 1
booker/cmd/chat.go:430.31,432.3 1 1
booker/cmd/chat.go:433.2,433.27 1 1
booker/cmd/chat.go:433.27,435.3 1 1
booker/cmd/chat.go:436.2,436.31 1 1
booker/cmd/chat.go:436.31,438.3 1 1
booker/cmd/chat.go:439.2,439.23 1 1
booker/cmd/chat.go:439.23,441.3 1 1
booker/cmd/chat.go:442.2,443.46 1 1
booker/cmd/chat.go:448.55,449.25 1 1
booker/cmd/chat.go:449.25,451.3 1 1
booker/cmd/chat.go:452.2,453.67 1 1
booker/cmd/chat.go:458.54,464.27 4 1
booker/cmd/chat.go:464.27,466.3 1 1
booker/cmd/chat.go:467.2,467.25 1 1
booker/cmd/chat.go:467.25,469.3 1 1
booker/cmd/chat.go:472.2,472.9 1 1
booker/cmd/chat.go:473.27,474.88 1 1
booker/cmd/chat.go:475.10,476.84 1 1
booker/cmd/chat.go:479.2,479.21 1 1
booker/cmd/chat.go:479.21,481.3 1 0
booker/cmd/chat.go:482.2,482.66 1 1
booker/cmd/chat.go:487.74,488.33 1 1
booker/cmd/chat.go:488.33,490.3 1 1
booker/cmd/chat.go:491.2,491.79 1 1
booker/cmd/chat.go:504.52,505.32 1 0
booker/cmd/chat.go:505.32,507.3 1 0
booker/cmd/chat.go:509.2,511.16 3 0
booker/cmd/chat.go:511.16,513.3 1 0
booker/cmd/chat.go:515.2,518.83 3 0
booker/cmd/chat.go:524.170,534.6 5 1
booker/cmd/chat.go:534.6,536.22 2 1
booker/cmd/chat.go:536.22,537.9 1 0
booker/cmd/chat.go:539.3,540.22 2 1
booker/cmd/chat.go:540.22,541.12 1 0
booker/cmd/chat.go:543.3,543.49 1 1
booker/cmd/chat.go:543.49,546.4 2 1
booker/cmd/chat.go:548.3,552.17 4 1
booker/cmd/chat.go:552.17,554.12 2 0
booker/cmd/chat.go:557.3,561.40 3 1
booker/cmd/chat.go:561.40,563.20 2 1
booker/cmd/chat.go:563.20,566.5 2 1
booker/cmd/chat.go:568.3,568.13 1 1
booker/cmd/chat.go:568.13,570.12 2 1
booker/cmd/chat.go:573.3,576.40 2 1
booker/cmd/chat.go:576.40,578.4 1 1
booker/cmd/chat.go:581.3,583.73 3 1
booker/cmd/chat.go:583.73,585.4 1 1
booker/cmd/chat.go:587.3,588.17 2 1
booker/cmd/chat.go:588.17,590.12 2 0
booker/cmd/chat.go:592.3,595.17 3 1
booker/cmd/chat.go:595.17,597.12 2 0
booker/cmd/chat.go:600.3,600.24 1 1
booker/cmd/chat.go:600.24,602.52 2 1
booker/cmd/chat.go:602.52,604.5 1 0
booker/cmd/chat.go:605.4,605.57 1 1
booker/cmd/chat.go:605.57,607.5 1 1
booker/cmd/chat.go:608.4,608.23 1 1
booker/cmd/chat.go:608.23,609.75 1 1
booker/cmd/chat.go:609.75,611.6 1 1
booker/cmd/chat.go:613.4,613.12 1 1
booker/cmd/chat.go:616.3,618.22 3 1
booker/cmd/chat.go:618.22,620.4 1 1
booker/cmd/chat.go:621.3,621.37 1 1
booker/cmd/chat.go:622.15,623.71 1 0
booker/cmd/chat.go:623.71,625.5 1 0
booker/cmd/chat.go:626.11,628.45 2 1
booker/cmd/chat.go:628.45,630.5 1 1
booker/cmd/chat.go:635.3,639.102 4 1
booker/cmd/chat.go:642.2,642.22 1 0
booker/cmd/display.go:16.54,17.35 1 1
booker/cmd/display.go:17.35,18.25 1 1
booker/cmd/display.go:18.25,20.4 1 1
booker/cmd/display.go:22.2,22.14 1 1
booker/cmd/display.go:26.53,27.35 1 1
booker/cmd/display.go:27.35,28.22 1 1
booker/cmd/display.go:28.22,30.4 1 1
booker/cmd/display.go:32.2,32.14 1 1
booker/cmd/display.go:35.74,45.14 7 1
booker/cmd/display.go:45.14,47.13 2 1
booker/cmd/display.go:47.13,49.4 1 1
booker/cmd/display.go:50.3,55.13 2 1
booker/cmd/display.go:55.13,57.4 1 1
booker/cmd/display.go:58.3,58.34 1 1
booker/cmd/display.go:59.8,61.13 2 1
booker/cmd/display.go:61.13,63.4 1 1
booker/cmd/display.go:64.3,66.13 2 1
booker/cmd/display.go:66.13,68.4 1 1
booker/cmd/display.go:69.3,69.34 1 1
booker/cmd/display.go:71.2,73.35 2 1
booker/cmd/display.go:73.35,79.15 5 1
booker/cmd/display.go:79.15,81.14 2 1
booker/cmd/display.go:81.14,83.5 1 1
booker/cmd/display.go:84.4,100.14 2 1
booker/cmd/display.go:100.14,102.5 1 1
booker/cmd/display.go:103.4,103.45 1 1
booker/cmd/display.go:104.9,106.14 2 1
booker/cmd/display.go:106.14,108.5 1 1
booker/cmd/display.go:109.4,119.14 2 1
booker/cmd/display.go:119.14,121.5 1 1
booker/cmd/display.go:122.4,122.45 1 1
booker/cmd/display.go:124.3,124.19 1 1
booker/cmd/display.go:127.2,129.50 3 1
booker/cmd/display.go:129.50,131.3 1 1
booker/cmd/display.go:132.2,132.24 1 1
booker/cmd/display.go:137.70,138.27 1 1
booker/cmd/display.go:138.27,140.3 1 1
booker/cmd/display.go:141.2,143.39 3 1
booker/cmd/display.go:143.39,144.47 1 1
booker/cmd/display.go:144.47,146.4 1 1
booker/cmd/display.go:147.3,147.47 1 1
booker/cmd/display.go:147.47,149.4 1 1
booker/cmd/display.go:151.2,155.27 4 1
booker/cmd/display.go:155.27,157.3 1 1
booker/cmd/display.go:158.2,159.32 2 1
booker/cmd/display.go:159.32,161.3 1 1
booker/cmd/display.go:161.8,163.3 1 1
booker/cmd/display.go:166.2,166.34 1 1
booker/cmd/display.go:166.34,169.40 3 1
booker/cmd/display.go:169.40,170.27 1 1
booker/cmd/display.go:170.27,171.13 1 0
booker/cmd/display.go:173.4,174.48 2 1
booker/cmd/display.go:174.48,176.5 1 1
booker/cmd/display.go:177.4,177.32 1 1
booker/cmd/display.go:177.32,179.5 1 0
booker/cmd/display.go:181.3,181.18 1 1
booker/cmd/display.go:181.18,182.26 1 1
booker/cmd/display.go:182.26,184.5 1 1
booker/cmd/display.go:184.10,186.5 1 1
booker/cmd/display.go:190.2,190.16 1 1
booker/cmd/display.go:194.49,198.2 3 1
booker/cmd/display.go:200.48,201.25 1 1
booker/cmd/display.go:201.25,203.3 1 1
booker/cmd/display.go:204.2,205.32 2 1
booker/cmd/display.go:205.32,206.43 1 1
booker/cmd/display.go:206.43,207.19 1 1
booker/cmd/display.go:207.19,209.5 1 1
booker/cmd/display.go:210.4,210.23 1 1
booker/cmd/display.go:214.2,215.22 2 1
booker/cmd/display.go:215.22,217.3 1 1
booker/cmd/display.go:218.2,218.14 1 1
booker/cmd/display.go:221.57,222.30 1 1
booker/cmd/display.go:222.30,224.3 1 1
booker/cmd/display.go:225.2,226.20 2 1
booker/cmd/display.go:226.20,228.3 1 1
booker/cmd/display.go:229.2,229.35 1 1
booker/cmd/display.go:233.60,234.30 1 1
booker/cmd/display.go:234.30,236.3 1 1
booker/cmd/display.go:237.2,238.20 2 1
booker/cmd/display.go:238.20,240.3 1 1
booker/cmd/display.go:241.2,241.25 1 1
booker/cmd/display.go:245.59,246.30 1 1
booker/cmd/display.go:246.30,248.3 1 1
booker/cmd/display.go:249.2,250.20 2 1
booker/cmd/display.go:250.20,252.3 1 1
booker/cmd/display.go:253.2,253.24 1 1
booker/cmd/display.go:258.58,259.30 1 1
booker/cmd/display.go:259.30,261.3 1 1
booker/cmd/display.go:262.2,263.56 2 1
booker/cmd/display.go:263.56,264.24 1 1
booker/cmd/display.go:264.24,265.49 1 1
booker/cmd/display.go:265.49,267.5 1 1
booker/cmd/display.go:270.2,270.17 1 1
booker/cmd/display.go:273.60,274.30 1 1
booker/cmd/display.go:274.30,276.3 1 1
booker/cmd/display.go:277.2,279.56 3 1
booker/cmd/display.go:279.56,281.17 2 1
booker/cmd/display.go:281.17,283.4 1 1
booker/cmd/display.go:285.3,285.72 1 1
booker/cmd/display.go:285.72,287.4 1 1
booker/cmd/display.go:288.3,288.17 1 1
booker/cmd/display.go:288.17,289.12 1 1
booker/cmd/display.go:291.3,292.19 2 1
booker/cmd/display.go:292.19,294.4 1 0
booker/cmd/display.go:295.3,295.17 1 1
booker/cmd/display.go:297.2,297.15 1 1
booker/cmd/display.go:300.61,301.30 1 1
booker/cmd/display.go:301.30,303.3 1 1
booker/cmd/display.go:304.2,305.20 2 1
booker/cmd/display.go:305.20,307.3 1 1
booker/cmd/display.go:308.2,308.56 1 1
booker/cmd/display.go:312.41,314.2 1 1
booker/cmd/display.go:316.59,317.30 1 1
booker/cmd/display.go:317.30,319.3 1 1
booker/cmd/display.go:320.2,321.20 2 1
booker/cmd/display.go:321.20,323.3 1 1
booker/cmd/display.go:324.2,327.25 4 1
booker/cmd/display.go:327.25,329.31 2 1
booker/cmd/display.go:329.31,331.4 1 0
booker/cmd/display.go:332.3,332.35 1 1
booker/cmd/display.go:334.2,334.10 1 1
booker/cmd/display.go:337.58,338.72 1 1
booker/cmd/display.go:338.72,340.3 1 1
booker/cmd/display.go:341.2,341.63 1 1
booker/cmd/display.go:344.62,345.30 1 1
booker/cmd/display.go:345.30,347.3 1 1
booker/cmd/display.go:348.2,348.44 1 1
booker/cmd/display.go:351.51,352.57 1 1
booker/cmd/display.go:352.57,354.3 1 1
booker/cmd/display.go:355.2,356.67 2 1
booker/cmd/display.go:360.48,362.32 2 1
booker/cmd/display.go:362.32,364.3 1 1
booker/cmd/display.go:365.2,365.10 1 1
booker/cmd/display.go:371.48,373.16 2 1
booker/cmd/display.go:373.16,375.3 1 1
booker/cmd/display.go:376.2,377.32 2 1
booker/cmd/display.go:377.32,378.43 1 1
booker/cmd/display.go:378.43,380.4 1 1
booker/cmd/display.go:382.2,382.23 1 1
booker/cmd/display.go:382.23,384.3 1 1
booker/cmd/display.go:385.2,385.68 1 1
booker/cmd/display.go:388.40,389.13 1 1
booker/cmd/display.go:390.13,391.14 1 1
booker/cmd/display.go:392.13,393.13 1 1
booker/cmd/display.go:394.13,395.15 1 1
booker/cmd/display.go:396.13,397.14 1 1
booker/cmd/display.go:398.13,399.15 1 1
booker/cmd/display.go:400.10,401.19 1 1
booker/cmd/display.go:405.45,408.9 3 1
booker/cmd/display.go:409.19,410.52 1 1
booker/cmd/display.go:411.17,412.35 1 1
booker/cmd/display.go:413.10,414.45 1 1
booker/cmd/display.go:461.58,462.25 1 1
booker/cmd/display.go:462.25,464.3 1 1
booker/cmd/display.go:465.2,466.27 2 1
booker/cmd/display.go:466.27,468.3 1 1
booker/cmd/display.go:469.2,469.90 1 1
booker/cmd/display.go:479.116,487.25 4 1
booker/cmd/display.go:487.25,493.3 1 1
booker/cmd/display.go:495.2,497.24 3 1
booker/cmd/display.go:500.87,502.35 2 1
booker/cmd/display.go:502.35,506.35 3 1
booker/cmd/display.go:506.35,510.21 4 1
booker/cmd/display.go:510.21,522.5 11 1
booker/cmd/display.go:523.4,524.21 2 1
booker/cmd/display.go:524.21,526.5 1 1
booker/cmd/display.go:527.4,551.6 1 1
booker/cmd/display.go:554.3,555.25 2 1
booker/cmd/display.go:555.25,557.4 1 1
booker/cmd/display.go:559.3,570.4 1 1
booker/cmd/display.go:572.2,572.12 1 1
booker/cmd/display.go:575.79,580.2 4 1
booker/cmd/infra.go:21.144,28.50 6 0
booker/cmd/infra.go:28.50,30.3 1 0
booker/cmd/infra.go:32.2,42.44 9 0
booker/cmd/root.go:29.16,30.42 1 0
booker/cmd/root.go:30.42,33.3 2 0
booker/cmd/root.go:36.13,38.2 1 1
booker/cmd/root.go:40.19,48.30 5 0
booker/cmd/root.go:48.30,49.69 1 0
booker/cmd/root.go:49.69,51.4 1 0
booker/cmd/search.go:73.13,105.2 28 1
booker/cmd/search.go:114.57,119.9 4 0
booker/cmd/search.go:119.9,121.3 1 0
booker/cmd/search.go:123.2,126.32 2 0
booker/cmd/search.go:126.32,128.3 1 0
booker/cmd/search.go:130.2,131.16 2 0
booker/cmd/search.go:131.16,133.3 1 0
booker/cmd/search.go:136.2,164.16 5 0
booker/cmd/search.go:164.16,166.3 1 0
booker/cmd/search.go:169.2,169.74 1 0
booker/cmd/search.go:169.74,171.3 1 0
booker/cmd/search.go:173.2,176.16 3 0
booker/cmd/search.go:176.16,178.3 1 0
booker/cmd/search.go:180.2,180.23 1 0
booker/cmd/search.go:180.23,183.3 2 0
booker/cmd/search.go:185.2,187.36 3 0
booker/cmd/search.go:188.14,189.66 1 0
booker/cmd/search.go:190.10,192.50 2 0
booker/cmd/search.go:192.50,194.4 1 0
booker/cmd/search.go:195.3,195.13 1 0
booker/aggregator/aggregator.go:18.51,20.2 1 1
booker/aggregator/aggregator.go:25.94,35.30 3 1
booker/aggregator/aggregator.go:35.30,37.32 2 1
booker/aggregator/aggregator.go:37.32,43.18 5 1
booker/aggregator/aggregator.go:43.18,49.5 2 1
booker/aggregator/aggregator.go:50.4,50.41 1 1
booker/aggregator/aggregator.go:54.2,56.42 2 1
booker/aggregator/aggregator.go:56.42,58.3 1 1
booker/aggregator/aggregator.go:60.2,64.3 1 1
booker/currency/currency.go:25.56,27.2 1 1
booker/currency/currency.go:30.58,32.9 2 1
booker/currency/currency.go:32.9,34.3 1 1
booker/currency/currency.go:35.2,35.15 1 1
booker/currency/currency.go:39.80,40.26 1 1
booker/currency/currency.go:40.26,42.3 1 1
booker/currency/currency.go:43.2,44.16 2 1
booker/currency/currency.go:44.16,46.3 1 1
booker/currency/currency.go:47.2,47.65 1 1
booker/currency/currency.go:62.19,63.17 1 1
booker/currency/currency.go:63.17,65.17 2 1
booker/currency/currency.go:65.17,69.4 3 0
booker/currency/currency.go:70.3,70.16 1 1
booker/currency/currency.go:70.16,70.41 1 1
booker/currency/currency.go:72.3,73.94 2 1
booker/currency/currency.go:73.94,77.4 3 1
booker/currency/currency.go:79.3,80.102 2 1
booker/currency/currency.go:85.43,88.2 2 1
booker/currency/currency.go:91.65,94.2 2 1
booker/config/config.go:72.23,113.2 1 1
booker/httpclient/client.go:25.41,37.2 1 0
booker/httpclient/client.go:40.105,42.16 2 1
booker/httpclient/client.go:42.16,44.3 1 1
booker/httpclient/client.go:45.2,45.28 1 1
booker/httpclient/client.go:45.28,47.3 1 1
booker/httpclient/client.go:48.2,48.28 1 1
booker/httpclient/client.go:52.116,54.16 2 1
booker/httpclient/client.go:54.16,56.3 1 1
booker/httpclient/client.go:57.2,58.16 2 1
booker/httpclient/client.go:58.16,60.3 1 0
booker/httpclient/client.go:61.2,61.28 1 1
booker/httpclient/client.go:61.28,63.3 1 0
booker/httpclient/client.go:64.2,64.28 1 1
booker/httpclient/client.go:68.60,70.36 2 1
booker/httpclient/client.go:70.36,71.18 1 1
booker/httpclient/client.go:71.18,73.4 1 1
booker/httpclient/client.go:75.3,76.17 2 1
booker/httpclient/client.go:76.17,78.12 2 1
booker/httpclient/client.go:81.3,83.17 3 1
booker/httpclient/client.go:83.17,85.12 2 0
booker/httpclient/client.go:88.3,88.29 1 1
booker/httpclient/client.go:88.29,90.12 2 1
booker/httpclient/client.go:93.3,93.29 1 1
booker/httpclient/client.go:93.29,95.4 1 1
booker/httpclient/client.go:97.3,97.18 1 1
booker/httpclient/client.go:97.18,98.53 1 1
booker/httpclient/client.go:98.53,100.5 1 1
booker/httpclient/client.go:102.3,102.13 1 1
booker/httpclient/client.go:104.2,104.84 1 1
booker/httpclient/client.go:108.76,110.16 2 1
booker/httpclient/client.go:110.16,112.3 1 1
booker/httpclient/client.go:113.2,114.27 2 1
booker/httpclient/client.go:114.27,116.3 1 1
booker/httpclient/client.go:117.2,118.24 2 1
booker/llm/client.go:22.39,27.2 4 1
booker/llm/client.go:43.65,45.2 1 1
booker/llm/client.go:49.90,51.16 2 1
booker/llm/client.go:51.16,53.3 1 1
booker/llm/client.go:55.2,55.27 1 1
booker/llm/client.go:55.27,57.3 1 1
booker/llm/client.go:59.2,60.57 2 1
booker/llm/client.go:65.112,76.24 4 1
booker/llm/client.go:77.30,78.25 1 1
booker/llm/client.go:79.10,80.37 1 1
booker/llm/client.go:83.2,89.75 3 1
booker/llm/client.go:89.75,91.3 1 1
booker/llm/client.go:93.2,93.23 1 1
booker/llm/client.go:93.23,95.3 1 1
booker/llm/client.go:97.2,97.28 1 1
booker/llm/client.go:97.28,99.3 1 1
booker/llm/client.go:101.2,104.45 2 1
booker/provider/provider.go:53.30,55.2 1 1
booker/provider/provider.go:59.47,63.44 4 1
booker/provider/provider.go:63.44,65.3 1 1
booker/provider/provider.go:66.2,67.12 2 1
booker/provider/provider.go:71.67,76.2 4 1
booker/provider/provider.go:79.37,83.32 4 1
booker/provider/provider.go:83.32,85.3 1 1
booker/provider/provider.go:86.2,86.12 1 1
booker/provider/cache/cache.go:43.77,45.2 1 1
booker/provider/cache/cache.go:48.47,50.2 1 1
booker/provider/cache/cache.go:54.97,57.37 2 1
booker/provider/cache/cache.go:57.37,62.3 2 1
booker/provider/cache/cache.go:64.2,69.16 3 1
booker/provider/cache/cache.go:69.16,71.3 1 1
booker/provider/cache/cache.go:73.2,74.21 2 1
booker/provider/cache/cache.go:77.62,90.2 4 1
booker/provider/cache/cache.go:98.61,100.16 2 1
booker/provider/cache/cache.go:100.16,102.3 1 1
booker/provider/cache/cache.go:104.2,105.53 2 1
booker/provider/cache/cache.go:105.53,107.3 1 1
booker/provider/cache/cache.go:109.2,109.53 1 1
booker/provider/cache/cache.go:109.53,111.3 1 1
booker/provider/cache/cache.go:113.2,113.28 1 1
booker/provider/cache/cache.go:118.124,120.9 2 1
booker/provider/cache/cache.go:120.9,122.3 1 1
booker/provider/cache/cache.go:124.2,126.46 2 1
booker/provider/cache/cache.go:126.46,130.3 2 1
booker/provider/cache/cache.go:132.2,136.16 3 1
booker/provider/cache/cache.go:136.16,138.3 1 1
booker/provider/cache/cache.go:140.2,141.21 2 1
booker/provider/cache/cache.go:144.77,156.2 4 1
booker/provider/cache/cache.go:163.82,165.16 2 1
booker/provider/cache/cache.go:165.16,167.3 1 1
booker/provider/cache/cache.go:169.2,170.53 2 1
booker/provider/cache/cache.go:170.53,172.3 1 1
booker/provider/cache/cache.go:174.2,174.53 1 1
booker/provider/cache/cache.go:174.53,176.3 1 1
booker/provider/cache/cache.go:178.2,178.28 1 1
booker/provider/cache/cache.go:181.84,182.63 1 1
booker/provider/cache/cache.go:182.63,185.3 2 1
booker/provider/cache/cache.go:187.2,192.16 3 1
booker/provider/cache/cache.go:192.16,195.3 2 0
booker/provider/cache/cache.go:197.2,197.56 1 1
booker/provider/cache/cache.go:197.56,199.3 1 0
booker/provider/cache/cache.go:202.63,203.63 1 1
booker/provider/cache/cache.go:203.63,206.3 2 1
booker/provider/cache/cache.go:208.2,213.16 3 1
booker/provider/cache/cache.go:213.16,216.3 2 0
booker/provider/cache/cache.go:218.2,218.56 1 1
booker/provider/cache/cache.go:218.56,220.3 1 0
booker/provider/serpapi/parser.go:16.60,18.71 2 1
booker/provider/serpapi/parser.go:18.71,20.17 2 1
booker/provider/serpapi/parser.go:20.17,21.12 1 1
booker/provider/serpapi/parser.go:23.3,23.31 1 1
booker/provider/serpapi/parser.go:25.2,25.21 1 1
booker/provider/serpapi/parser.go:29.62,31.52 2 1
booker/provider/serpapi/parser.go:31.52,33.3 1 1
booker/provider/serpapi/parser.go:34.2,38.3 1 1
booker/provider/serpapi/parser.go:41.60,43.16 2 1
booker/provider/serpapi/parser.go:43.16,45.3 1 1
booker/provider/serpapi/parser.go:47.2,56.8 1 1
booker/provider/serpapi/parser.go:59.87,61.27 2 1
booker/provider/serpapi/parser.go:61.27,63.17 2 1
booker/provider/serpapi/parser.go:63.17,65.4 1 1
booker/provider/serpapi/parser.go:66.3,67.17 2 1
booker/provider/serpapi/parser.go:67.17,69.4 1 1
booker/provider/serpapi/parser.go:71.3,74.24 3 1
booker/provider/serpapi/parser.go:74.24,76.4 1 1
booker/provider/serpapi/parser.go:78.3,94.5 1 1
booker/provider/serpapi/parser.go:96.2,96.17 1 1
booker/provider/serpapi/parser.go:100.60,102.21 2 1
booker/provider/serpapi/parser.go:102.21,104.3 1 1
booker/provider/serpapi/parser.go:105.2,105.15 1 1
booker/provider/serpapi/parser.go:110.110,112.16 2 1
booker/provider/serpapi/parser.go:112.16,114.3 1 1
booker/provider/serpapi/parser.go:116.2,117.16 2 1
booker/provider/serpapi/parser.go:117.16,119.3 1 1
booker/provider/serpapi/parser.go:123.2,129.66 5 1
booker/provider/serpapi/parser.go:129.66,133.3 3 1
booker/provider/serpapi/parser.go:135.2,137.66 3 1
booker/provider/serpapi/parser.go:137.66,141.3 3 1
booker/provider/serpapi/parser.go:143.2,158.8 1 1
booker/provider/serpapi/parser.go:161.51,162.32 1 1
booker/provider/serpapi/parser.go:163.18,164.29 1 1
booker/provider/serpapi/parser.go:165.15,166.26 1 1
booker/provider/serpapi/parser.go:167.25,168.35 1 1
booker/provider/serpapi/parser.go:169.10,170.28 1 1
booker/provider/serpapi/serpapi.go:26.72,28.2 1 1
booker/provider/serpapi/serpapi.go:31.47,33.2 1 1
booker/provider/serpapi/serpapi.go:36.61,38.2 1 0
booker/provider/serpapi/serpapi.go:41.97,43.23 2 1
booker/provider/serpapi/serpapi.go:43.23,45.3 1 1
booker/provider/serpapi/serpapi.go:47.2,61.23 2 1
booker/provider/serpapi/serpapi.go:61.23,63.3 1 1
booker/provider/serpapi/serpapi.go:64.2,64.23 1 1
booker/provider/serpapi/serpapi.go:64.23,66.3 1 1
booker/provider/serpapi/serpapi.go:68.2,69.16 2 1
booker/provider/serpapi/serpapi.go:69.16,71.3 1 0
booker/provider/serpapi/serpapi.go:73.2,76.61 3 1
booker/provider/serpapi/serpapi.go:76.61,78.3 1 1
booker/provider/serpapi/serpapi.go:80.2,81.16 2 1
booker/provider/serpapi/serpapi.go:81.16,83.3 1 0
booker/provider/serpapi/serpapi.go:85.2,91.21 3 1
booker/provider/serpapi/serpapi.go:109.114,110.19 1 1
booker/provider/serpapi/serpapi.go:110.19,112.3 1 1
booker/provider/serpapi/serpapi.go:114.2,115.16 2 1
booker/provider/serpapi/serpapi.go:115.16,117.3 1 0
booker/provider/serpapi/serpapi.go:119.2,133.16 3 1
booker/provider/serpapi/serpapi.go:133.16,135.3 1 0
booker/provider/serpapi/serpapi.go:137.2,140.66 3 1
booker/provider/serpapi/serpapi.go:140.66,142.3 1 1
booker/provider/serpapi/serpapi.go:144.2,149.27 5 1
booker/provider/serpapi/serpapi.go:149.27,151.3 1 1
booker/provider/serpapi/serpapi.go:154.2,154.46 1 1
booker/provider/serpapi/serpapi.go:154.46,156.3 1 1
booker/provider/serpapi/serpapi.go:157.2,157.33 1 1
booker/provider/serpapi/serpapi.go:157.33,159.3 1 1
booker/provider/serpapi/serpapi.go:162.2,163.35 2 1
booker/provider/serpapi/serpapi.go:163.35,164.32 1 1
booker/provider/serpapi/serpapi.go:164.32,165.12 1 1
booker/provider/serpapi/serpapi.go:168.3,170.17 3 1
booker/provider/serpapi/serpapi.go:170.17,172.12 2 0
booker/provider/serpapi/serpapi.go:175.3,176.72 2 1
booker/provider/serpapi/serpapi.go:176.72,178.12 2 1
booker/provider/serpapi/serpapi.go:181.3,186.36 5 1
booker/provider/serpapi/serpapi.go:186.36,192.4 1 1
booker/provider/serpapi/serpapi.go:194.2,196.21 2 1
booker/provider/serpapi/serpapi.go:200.63,206.16 3 1
booker/provider/serpapi/serpapi.go:206.16,208.3 1 0
booker/provider/serpapi/serpapi.go:209.2,209.23 1 1
booker/provider/serpapi/serpapi.go:214.124,227.16 3 1
booker/provider/serpapi/serpapi.go:227.16,229.3 1 1
booker/provider/serpapi/serpapi.go:231.2,232.28 2 1
booker/provider/serpapi/serpapi.go:232.28,234.17 2 1
booker/provider/serpapi/serpapi.go:234.17,236.12 2 0
booker/provider/serpapi/serpapi.go:238.3,239.17 2 1
booker/provider/serpapi/serpapi.go:239.17,241.12 2 0
booker/provider/serpapi/serpapi.go:244.3,252.5 4 1
booker/provider/serpapi/serpapi.go:255.2,255.17 1 1
booker/provider/serpapi/serpapi.go:261.56,262.11 1 1
booker/provider/serpapi/serpapi.go:263.27,264.37 1 1
booker/provider/serpapi/serpapi.go:265.24,266.34 1 1
booker/provider/serpapi/serpapi.go:267.33,268.43 1 1
booker/provider/serpapi/serpapi.go:269.10,270.36 1 1
booker/types/types.go:54.43,56.2 1 1
booker/types/types.go:75.29,76.26 1 1
booker/types/types.go:76.26,78.3 1 1
booker/types/types.go:79.2,79.28 1 1
booker/types/types.go:131.39,133.2 1 1
booker/search/direct/direct.go:26.79,28.2 1 1
booker/search/direct/direct.go:31.34,31.53 1 0
booker/search/direct/direct.go:34.41,37.2 1 0
booker/search/direct/direct.go:42.96,44.16 2 1
booker/search/direct/direct.go:44.16,46.3 1 1
booker/search/direct/direct.go:48.2,50.9 2 1
booker/search/direct/direct.go:51.28,54.17 2 1
booker/search/direct/direct.go:54.17,56.4 1 0
booker/search/direct/direct.go:57.3,60.23 2 1
booker/search/direct/direct.go:60.23,62.37 2 1
booker/search/direct/direct.go:62.37,63.47 1 1
booker/search/direct/direct.go:63.47,65.6 1 1
booker/search/direct/direct.go:67.4,67.26 1 1
booker/search/direct/direct.go:69.10,72.30 2 1
booker/search/direct/direct.go:72.30,74.4 1 1
booker/search/direct/direct.go:78.2,81.21 2 1
booker/search/direct/direct.go:81.21,83.17 2 1
booker/search/direct/direct.go:83.17,85.4 1 1
booker/search/direct/direct.go:90.2,90.61 1 1
booker/search/direct/direct.go:90.61,92.3 1 1
booker/search/direct/direct.go:94.2,94.25 1 1
booker/search/direct/direct.go:99.129,101.16 2 1
booker/search/direct/direct.go:101.16,103.3 1 1
booker/search/direct/direct.go:107.2,108.22 2 1
booker/search/direct/direct.go:108.22,110.50 2 1
booker/search/direct/direct.go:110.50,112.4 1 1
booker/search/direct/direct.go:116.2,117.29 2 1
booker/search/direct/direct.go:117.29,126.38 2 1
booker/search/direct/direct.go:126.38,128.18 2 1
booker/search/direct/direct.go:128.18,129.13 1 1
booker/search/direct/direct.go:131.4,131.41 1 1
booker/search/direct/direct.go:136.2,146.22 11 1
booker/search/direct/direct.go:146.22,150.3 3 1
booker/search/direct/direct.go:152.2,152.21 1 1
booker/search/direct/direct.go:157.82,159.31 2 1
booker/search/direct/direct.go:159.31,160.37 1 1
booker/search/direct/direct.go:160.37,167.54 2 1
booker/search/direct/direct.go:167.54,171.5 3 1
booker/search/direct/direct.go:172.4,172.43 1 1
booker/search/direct/direct.go:175.2,175.20 1 1
booker/search/direct/direct.go:178.57,186.25 2 1
booker/search/direct/direct.go:186.25,190.3 3 1
booker/search/direct/direct.go:192.2,192.13 1 1
booker/search/nearby/nearby.go:21.54,23.2 1 1
booker/search/nearby/nearby.go:26.34,26.53 1 1
booker/search/nearby/nearby.go:29.41,32.2 1 1
booker/search/nearby/nearby.go:37.96,50.28 7 1
booker/search/nearby/nearby.go:50.28,51.27 1 1
booker/search/nearby/nearby.go:51.27,53.33 2 1
booker/search/nearby/nearby.go:53.33,62.5 8 1
booker/search/nearby/nearby.go:65.2,70.26 4 1
booker/search/nearby/nearby.go:70.26,71.19 1 1
booker/search/nearby/nearby.go:71.19,73.12 2 1
booker/search/nearby/nearby.go:75.3,75.38 1 1
booker/search/nearby/nearby.go:78.2,78.40 1 1
booker/search/nearby/nearby.go:78.40,80.3 1 1
booker/search/nearby/nearby.go:82.2,86.56 3 1
booker/search/nearby/nearby.go:86.56,88.3 1 1
booker/search/nearby/nearby.go:90.2,90.20 1 1
booker/search/nearby/nearby.go:95.39,97.22 2 1
booker/search/nearby/nearby.go:97.22,99.3 1 1
booker/search/nearby/nearby.go:101.2,104.16 4 1
booker/search/multicity/combiner.go:54.86,56.24 2 1
booker/search/multicity/combiner.go:56.24,58.3 1 1
booker/search/multicity/combiner.go:59.2,60.24 2 1
booker/search/multicity/combiner.go:60.24,62.3 1 1
booker/search/multicity/combiner.go:64.2,65.26 2 1
booker/search/multicity/combiner.go:65.26,66.34 1 1
booker/search/multicity/combiner.go:66.34,67.12 1 1
booker/search/multicity/combiner.go:70.3,71.27 2 1
booker/search/multicity/combiner.go:71.27,72.12 1 1
booker/search/multicity/combiner.go:75.3,75.27 1 1
booker/search/multicity/combiner.go:75.27,76.35 1 1
booker/search/multicity/combiner.go:76.35,77.13 1 1
booker/search/multicity/combiner.go:80.4,81.30 2 1
booker/search/multicity/combiner.go:81.30,82.13 1 0
booker/search/multicity/combiner.go:87.4,88.51 2 1
booker/search/multicity/combiner.go:88.51,89.13 1 1
booker/search/multicity/combiner.go:93.4,94.38 2 1
booker/search/multicity/combiner.go:94.38,95.13 1 1
booker/search/multicity/combiner.go:98.4,99.35 2 1
booker/search/multicity/combiner.go:102.2,102.16 1 1
booker/search/multicity/combiner.go:108.52,109.31 1 1
booker/search/multicity/combiner.go:109.31,110.72 1 1
booker/search/multicity/combiner.go:110.72,112.4 1 1
booker/search/multicity/combiner.go:113.3,113.72 1 1
booker/search/multicity/combiner.go:113.72,115.4 1 1
booker/search/multicity/combiner.go:117.2,117.14 1 1
booker/search/multicity/combiner.go:120.54,121.24 1 1
booker/search/multicity/combiner.go:121.24,123.3 1 1
booker/search/multicity/combiner.go:124.2,124.46 1 1
booker/search/multicity/combiner.go:127.57,128.24 1 1
booker/search/multicity/combiner.go:128.24,130.3 1 1
booker/search/multicity/combiner.go:131.2,131.34 1 1
booker/search/multicity/combiner.go:135.101,165.2 6 1
booker/search/multicity/combiner.go:170.44,172.33 2 1
booker/search/multicity/combiner.go:172.33,174.3 1 1
booker/search/multicity/combiner.go:175.2,177.34 3 1
booker/search/multicity/combiner.go:177.34,178.24 1 1
booker/search/multicity/combiner.go:178.24,181.4 2 1
booker/search/multicity/combiner.go:183.2,183.13 1 1
booker/search/multicity/combiner.go:187.42,189.2 1 1
booker/search/multicity/multicity.go:174.73,179.2 1 1
booker/search/multicity/multicity.go:182.97,185.16 2 1
booker/search/multicity/multicity.go:185.16,187.3 1 1
booker/search/multicity/multicity.go:189.2,190.27 2 1
booker/search/multicity/multicity.go:190.27,192.17 2 1
booker/search/multicity/multicity.go:192.17,194.4 1 1
booker/search/multicity/multicity.go:197.2,198.19 2 1
booker/search/multicity/multicity.go:198.19,200.3 1 1
booker/search/multicity/multicity.go:201.2,206.24 4 1
booker/search/multicity/multicity.go:206.24,208.3 1 1
booker/search/multicity/multicity.go:210.2,211.25 2 1
booker/search/multicity/multicity.go:211.25,213.3 1 1
booker/search/multicity/multicity.go:214.2,214.25 1 1
booker/search/multicity/multicity.go:214.25,216.3 1 0
booker/search/multicity/multicity.go:218.2,243.37 5 1
booker/search/multicity/multicity.go:243.37,244.51 1 1
booker/search/multicity/multicity.go:244.51,246.4 1 1
booker/search/multicity/multicity.go:250.2,255.33 2 1
booker/search/multicity/multicity.go:255.33,258.30 2 1
booker/search/multicity/multicity.go:258.30,292.4 10 1
booker/search/multicity/multicity.go:295.3,295.34 1 1
booker/search/multicity/multicity.go:295.34,297.62 2 1
booker/search/multicity/multicity.go:297.62,312.19 4 1
booker/search/multicity/multicity.go:312.19,315.6 2 0
booker/search/multicity/multicity.go:317.5,317.31 1 1
booker/search/multicity/multicity.go:317.31,322.6 4 1
booker/search/multicity/multicity.go:324.5,324.85 1 1
booker/search/multicity/multicity.go:328.2,338.23 2 1
booker/search/multicity/multicity.go:338.23,342.46 2 1
booker/search/multicity/multicity.go:342.46,347.4 4 1
booker/search/multicity/multicity.go:349.3,359.75 9 1
booker/search/multicity/multicity.go:359.75,361.4 1 1
booker/search/multicity/multicity.go:362.3,362.73 1 1
booker/search/multicity/multicity.go:362.73,364.4 1 1
booker/search/multicity/multicity.go:365.3,365.51 1 1
booker/search/multicity/multicity.go:365.51,367.4 1 1
booker/search/multicity/multicity.go:368.3,368.51 1 1
booker/search/multicity/multicity.go:368.51,370.4 1 1
booker/search/multicity/multicity.go:371.3,371.51 1 1
booker/search/multicity/multicity.go:371.51,373.4 1 1
booker/search/multicity/multicity.go:374.3,374.51 1 1
booker/search/multicity/multicity.go:374.51,376.4 1 1
booker/search/multicity/multicity.go:379.3,386.69 4 1
booker/search/multicity/multicity.go:395.2,396.29 2 1
booker/search/multicity/multicity.go:396.29,405.24 3 1
booker/search/multicity/multicity.go:405.24,408.4 1 1
booker/search/multicity/multicity.go:408.9,410.4 1 1
booker/search/multicity/multicity.go:418.2,419.37 2 1
booker/search/multicity/multicity.go:419.37,424.73 3 1
booker/search/multicity/multicity.go:424.73,425.12 1 0
booker/search/multicity/multicity.go:428.3,428.75 1 1
booker/search/multicity/multicity.go:428.75,429.12 1 0
booker/search/multicity/multicity.go:431.3,431.75 1 1
booker/search/multicity/multicity.go:431.75,432.12 1 0
booker/search/multicity/multicity.go:435.3,435.70 1 1
booker/search/multicity/multicity.go:435.70,436.12 1 0
booker/search/multicity/multicity.go:439.3,440.15 2 1
booker/search/multicity/multicity.go:443.2,446.25 2 1
booker/search/multicity/multicity.go:446.25,448.39 2 1
booker/search/multicity/multicity.go:448.39,449.49 1 1
booker/search/multicity/multicity.go:449.49,451.5 1 1
booker/search/multicity/multicity.go:453.3,453.28 1 1
booker/search/multicity/multicity.go:456.2,458.30 2 1
booker/search/multicity/multicity.go:458.30,460.3 1 1
booker/search/multicity/multicity.go:463.2,463.49 1 1
booker/search/multicity/multicity.go:463.49,465.3 1 1
booker/search/multicity/multicity.go:468.2,470.54 3 1
booker/search/multicity/multicity.go:470.54,472.3 1 1
booker/search/multicity/multicity.go:479.2,481.16 3 1
booker/search/multicity/multicity.go:481.16,483.71 2 1
booker/search/multicity/multicity.go:483.71,485.4 1 1
booker/search/multicity/multicity.go:486.3,486.29 1 1
booker/search/multicity/multicity.go:489.2,489.62 1 1
booker/search/multicity/multicity.go:489.62,491.3 1 1
booker/search/multicity/multicity.go:493.2,493.20 1 1
booker/search/multicity/multicity.go:500.65,509.2 1 1
booker/search/multicity/multicity.go:514.94,516.58 2 1
booker/search/multicity/multicity.go:516.58,520.3 3 1
booker/search/multicity/multicity.go:522.2,524.58 3 1
booker/search/multicity/multicity.go:524.58,528.3 3 1
booker/search/multicity/multicity.go:530.2,545.3 1 1
booker/search/multicity/multicity.go:548.103,550.37 2 1
booker/search/multicity/multicity.go:550.37,552.17 2 1
booker/search/multicity/multicity.go:552.17,554.12 2 1
booker/search/multicity/multicity.go:556.3,556.46 1 1
booker/search/multicity/multicity.go:558.2,558.19 1 1
booker/search/multicity/multicity.go:563.74,569.29 3 1
booker/search/multicity/multicity.go:569.29,571.72 2 1
booker/search/multicity/multicity.go:571.72,573.4 1 1
booker/search/multicity/multicity.go:575.2,576.25 2 1
booker/search/multicity/multicity.go:576.25,578.3 1 1
booker/search/multicity/multicity.go:580.2,580.41 1 1
booker/search/multicity/multicity.go:580.41,582.3 1 1
booker/search/multicity/multicity.go:583.2,583.15 1 1
booker/search/multicity/multicity.go:587.49,589.32 2 1
booker/search/multicity/multicity.go:589.32,590.35 1 1
booker/search/multicity/multicity.go:590.35,593.4 2 1
booker/search/multicity/multicity.go:595.2,595.12 1 1
booker/search/multicity/ranker.go:104.69,106.2 1 1
booker/search/multicity/ranker.go:110.47,112.2 1 1
booker/search/multicity/ranker.go:115.50,117.2 1 1
booker/search/multicity/ranker.go:129.104,130.27 1 1
booker/search/multicity/ranker.go:130.27,132.3 1 0
booker/search/multicity/ranker.go:135.2,136.44 2 1
booker/search/multicity/ranker.go:136.44,138.3 1 1
booker/search/multicity/ranker.go:140.2,143.36 2 1
booker/search/multicity/ranker.go:143.36,147.3 3 1
booker/search/multicity/ranker.go:148.2,159.16 6 1
booker/search/multicity/ranker.go:159.16,161.3 1 1
booker/search/multicity/ranker.go:163.2,164.16 2 1
booker/search/multicity/ranker.go:164.16,166.3 1 0
booker/search/multicity/ranker.go:168.2,171.42 3 1
booker/search/multicity/ranker.go:176.71,177.30 1 1
booker/search/multicity/ranker.go:177.30,178.52 1 1
booker/search/multicity/ranker.go:178.52,181.4 2 1
booker/search/multicity/ranker.go:186.74,189.41 3 1
booker/search/multicity/ranker.go:189.41,191.3 1 1
booker/search/multicity/ranker.go:192.2,192.15 1 1
booker/search/multicity/ranker.go:197.72,200.35 3 1
booker/search/multicity/ranker.go:200.35,202.33 2 1
booker/search/multicity/ranker.go:202.33,205.20 3 1
booker/search/multicity/ranker.go:205.20,207.5 1 1
booker/search/multicity/ranker.go:208.4,208.114 1 1
booker/search/multicity/ranker.go:211.2,212.34 2 1
booker/search/multicity/ranker.go:216.49,234.18 11 1
booker/search/multicity/ranker.go:234.18,236.3 1 1
booker/search/multicity/ranker.go:238.2,244.19 2 1
booker/search/multicity/ranker.go:250.84,254.35 3 1
booker/search/multicity/ranker.go:254.35,260.33 5 1
booker/search/multicity/ranker.go:260.33,262.31 2 1
booker/search/multicity/ranker.go:262.31,263.12 1 1
booker/search/multicity/ranker.go:264.40,265.104 1 1
booker/search/multicity/ranker.go:266.41,267.103 1 1
booker/search/multicity/ranker.go:268.13,269.59 1 1
booker/search/multicity/ranker.go:272.4,272.44 1 1
booker/search/multicity/ranker.go:272.44,274.55 2 1
booker/search/multicity/ranker.go:274.55,276.6 1 1
booker/search/multicity/ranker.go:277.5,277.36 1 1
booker/search/multicity/ranker.go:277.36,279.6 1 1
booker/search/multicity/ranker.go:280.5,280.22 1 1
booker/search/multicity/ranker.go:280.22,282.6 1 1
booker/search/multicity/ranker.go:283.5,283.26 1 1
booker/search/multicity/ranker.go:283.26,285.6 1 1
booker/search/multicity/ranker.go:286.5,286.27 1 1
booker/search/multicity/ranker.go:286.27,288.6 1 1
booker/search/multicity/ranker.go:289.5,289.26 1 1
booker/search/multicity/ranker.go:289.26,291.6 1 1
booker/search/multicity/ranker.go:292.5,293.58 2 1
booker/search/multicity/ranker.go:293.58,295.6 1 1
booker/search/multicity/ranker.go:296.5,305.32 2 1
booker/search/multicity/ranker.go:305.32,308.13 3 1
booker/search/multicity/ranker.go:309.28,310.70 1 1
booker/search/multicity/ranker.go:311.28,312.70 1 1
booker/search/multicity/ranker.go:316.4,316.27 1 1
booker/search/multicity/ranker.go:316.27,320.33 2 1
booker/search/multicity/ranker.go:320.33,322.6 1 1
booker/search/multicity/ranker.go:325.3,325.22 1 1
booker/search/multicity/ranker.go:327.2,327.23 1 1
booker/search/multicity/ranker.go:327.23,329.3 1 1
booker/search/multicity/ranker.go:330.2,330.19 1 1
booker/search/multicity/ranker.go:334.33,336.2 1 1
booker/search/multicity/ranker.go:338.45,341.17 3 1
booker/search/multicity/ranker.go:341.17,345.3 3 1
booker/search/multicity/ranker.go:346.2,346.44 1 1
booker/search/multicity/ranker.go:349.66,354.66 3 1
booker/search/multicity/ranker.go:354.66,356.3 1 1
booker/search/multicity/ranker.go:357.2,357.21 1 1
booker/search/multicity/stopovers.go:857.50,859.2 1 1
booker/search/multicity/stopovers.go:911.67,912.72 1 1
booker/search/multicity/stopovers.go:912.72,914.3 1 1
booker/search/multicity/stopovers.go:916.2,916.72 1 1
booker/search/multicity/stopovers.go:916.72,918.27 2 1
booker/search/multicity/stopovers.go:918.27,919.55 1 1
booker/search/multicity/stopovers.go:919.55,921.5 1 1
booker/search/multicity/stopovers.go:923.3,923.18 1 1
booker/search/multicity/stopovers.go:925.2,926.39 2 1
booker/search/multicity/stopovers.go:926.39,927.54 1 1
booker/search/multicity/stopovers.go:927.54,929.4 1 1
booker/search/multicity/stopovers.go:931.2,931.13 1 1
booker/search/multicity/strategy.go:16.65,18.2 1 1
booker/search/multicity/strategy.go:21.34,21.56 1 1
booker/search/multicity/strategy.go:24.41,29.2 1 1
booker/search/multicity/strategy.go:32.96,34.2 1 1
booker/search/multicity/strategy.go:36.68,38.20 2 1
booker/search/multicity/strategy.go:38.20,40.3 1 1
booker/search/multicity/strategy.go:41.2,64.3 1 1
booker/search/airlines.go:5.47,22.37 3 1
booker/search/airlines.go:22.37,23.27 1 1
booker/search/airlines.go:23.27,25.4 1 1
booker/search/airlines.go:27.2,27.10 1 1
booker/search/airlines.go:32.35,34.2 1 1
booker/search/airlines.go:38.37,41.2 2 1
booker/search/airports.go:37.13,39.40 2 1
booker/search/airports.go:39.40,40.27 1 1
booker/search/airports.go:40.27,42.4 1 1
booker/search/airports.go:48.43,50.20 2 1
booker/search/airports.go:50.20,52.3 1 1
booker/search/airports.go:53.2,54.28 2 1
booker/search/airports.go:54.28,55.16 1 1
booker/search/airports.go:55.16,57.4 1 1
booker/search/airports.go:59.2,59.17 1 1
booker/search/composite.go:19.85,21.2 1 1
booker/search/composite.go:24.43,24.65 1 1
booker/search/composite.go:27.50,29.2 1 1
booker/search/composite.go:34.91,35.28 1 1
booker/search/composite.go:35.28,37.3 1 1
booker/search/composite.go:39.2,46.33 4 1
booker/search/composite.go:46.33,48.36 2 1
booker/search/composite.go:48.36,52.4 3 1
booker/search/composite.go:54.2,59.28 4 1
booker/search/composite.go:59.28,60.19 1 1
booker/search/composite.go:60.19,62.12 2 1
booker/search/composite.go:64.3,64.38 1 1
booker/search/composite.go:67.2,67.39 1 1
booker/search/composite.go:67.39,69.3 1 1
booker/search/composite.go:71.2,73.21 2 1
booker/search/composite.go:73.21,75.17 2 1
booker/search/composite.go:75.17,77.4 1 1
booker/search/composite.go:80.2,80.56 1 1
booker/search/composite.go:80.56,82.3 1 1
booker/search/composite.go:84.2,84.20 1 1
booker/search/composite.go:88.60,95.29 4 1
booker/search/composite.go:95.29,97.14 2 1
booker/search/composite.go:97.14,98.12 1 1
booker/search/composite.go:100.3,101.26 2 1
booker/search/composite.go:103.2,103.12 1 1
booker/search/composite.go:107.39,109.32 2 1
booker/search/composite.go:109.32,110.43 1 1
booker/search/composite.go:110.43,112.4 1 1
booker/search/composite.go:114.2,114.14 1 1
booker/search/filter.go:113.45,116.2 2 1
booker/search/filter.go:119.41,122.2 2 1
booker/search/filter.go:126.59,128.28 2 1
booker/search/filter.go:128.28,129.25 1 1
booker/search/filter.go:129.25,130.12 1 1
booker/search/filter.go:132.3,132.33 1 1
booker/search/filter.go:134.2,134.17 1 1
booker/search/filter.go:141.91,143.28 2 1
booker/search/filter.go:143.28,144.27 1 1
booker/search/filter.go:144.27,145.12 1 1
booker/search/filter.go:147.3,148.50 2 1
booker/search/filter.go:148.50,150.4 1 1
booker/search/filter.go:152.2,152.17 1 1
booker/search/filter.go:158.76,159.18 1 1
booker/search/filter.go:159.18,161.3 1 1
booker/search/filter.go:162.2,163.28 2 1
booker/search/filter.go:163.28,164.28 1 1
booker/search/filter.go:164.28,166.4 1 1
booker/search/filter.go:168.2,168.17 1 1
booker/search/filter.go:173.80,174.19 1 1
booker/search/filter.go:174.19,176.3 1 1
booker/search/filter.go:177.2,178.28 2 1
booker/search/filter.go:178.28,179.33 1 1
booker/search/filter.go:179.33,181.4 1 1
booker/search/filter.go:183.2,183.17 1 1
booker/search/filter.go:188.79,189.20 1 1
booker/search/filter.go:189.20,191.3 1 1
booker/search/filter.go:192.2,193.28 2 1
booker/search/filter.go:193.28,194.41 1 1
booker/search/filter.go:194.41,196.4 1 1
booker/search/filter.go:198.2,198.17 1 1
booker/search/filter.go:204.89,205.82 1 1
booker/search/filter.go:205.82,207.3 1 1
booker/search/filter.go:213.87,214.82 1 1
booker/search/filter.go:214.82,216.3 1 1
booker/search/filter.go:222.127,223.33 1 1
booker/search/filter.go:223.33,225.3 1 1
booker/search/filter.go:226.2,228.62 3 1
booker/search/filter.go:228.62,230.3 1 1
booker/search/filter.go:231.2,232.28 2 1
booker/search/filter.go:232.28,233.27 1 1
booker/search/filter.go:233.27,234.12 1 0
booker/search/filter.go:236.3,238.33 3 1
booker/search/filter.go:238.33,239.12 1 1
booker/search/filter.go:241.3,241.35 1 1
booker/search/filter.go:241.35,242.12 1 1
booker/search/filter.go:244.3,244.33 1 1
booker/search/filter.go:246.2,246.17 1 1
booker/search/filter.go:250.38,251.13 1 1
booker/search/filter.go:251.13,253.3 1 1
booker/search/filter.go:254.2,255.58 2 1
booker/search/filter.go:255.58,257.3 1 1
booker/search/filter.go:258.2,258.40 1 1
booker/search/filter.go:258.40,260.3 1 0
booker/search/filter.go:261.2,261.23 1 1
booker/search/filter.go:266.87,267.17 1 1
booker/search/filter.go:267.17,269.3 1 1
booker/search/filter.go:270.2,271.28 2 1
booker/search/filter.go:271.28,272.32 1 1
booker/search/filter.go:272.32,274.4 1 1
booker/search/filter.go:276.2,276.17 1 1
booker/search/filter.go:281.62,283.28 2 1
booker/search/filter.go:283.28,284.25 1 1
booker/search/filter.go:284.25,286.4 1 1
booker/search/filter.go:288.2,288.17 1 1
booker/search/filter.go:293.81,294.17 1 1
booker/search/filter.go:294.17,296.3 1 1
booker/search/filter.go:297.2,298.21 2 1
booker/search/filter.go:298.21,300.3 1 0
booker/search/filter.go:301.2,302.28 2 1
booker/search/filter.go:302.28,303.36 1 1
booker/search/filter.go:303.36,305.4 1 1
booker/search/filter.go:307.2,307.17 1 1
booker/search/filter.go:313.89,314.21 1 1
booker/search/filter.go:314.21,316.3 1 1
booker/search/filter.go:317.2,318.21 2 1
booker/search/filter.go:318.21,320.3 1 0
booker/search/filter.go:321.2,322.28 2 1
booker/search/filter.go:322.28,323.39 1 1
booker/search/filter.go:323.39,325.4 1 1
booker/search/filter.go:327.2,327.17 1 1
booker/search/filter.go:330.73,331.33 1 1
booker/search/filter.go:331.33,332.56 1 1
booker/search/filter.go:332.56,334.4 1 1
booker/search/filter.go:336.2,336.14 1 1
booker/search/filter.go:339.69,340.67 1 1
booker/search/filter.go:340.67,341.32 1 1
booker/search/filter.go:341.32,342.57 1 1
booker/search/filter.go:342.57,344.5 1 1
booker/search/filter.go:347.2,347.14 1 1
booker/search/filter.go:353.52,354.20 1 1
booker/search/filter.go:354.20,356.3 1 1
booker/search/filter.go:357.2,357.16 1 1
booker/search/filter.go:358.18,359.41 1 1
booker/search/filter.go:359.41,361.4 1 1
booker/search/filter.go:362.19,363.41 1 1
booker/search/filter.go:363.41,365.4 1 1
booker/search/filter.go:366.15,367.41 1 1
booker/search/filter.go:367.41,369.4 1 1
booker/search/filter.go:370.10,371.41 1 1
booker/search/filter.go:371.41,373.4 1 1
booker/search/filter.go:378.47,379.65 1 1
booker/search/filter.go:379.65,381.3 1 1
booker/search/filter.go:382.2,382.20 1 1
booker/search/filter.go:385.66,386.33 1 1
booker/search/filter.go:386.33,387.86 1 1
booker/search/filter.go:387.86,389.4 1 1
booker/search/filter.go:391.2,391.14 1 1
booker/search/filter.go:394.43,395.67 1 1
booker/search/filter.go:395.67,396.32 1 1
booker/search/filter.go:396.32,397.79 1 1
booker/search/filter.go:397.79,399.5 1 1
booker/search/filter.go:400.4,400.65 1 1
booker/search/filter.go:400.65,402.5 1 1
booker/search/filter.go:405.2,405.14 1 1
booker/search/filter.go:416.47,418.2 1 1
booker/search/filter.go:422.65,424.2 1 1
booker/search/filter.go:428.75,429.81 1 1
booker/search/filter.go:429.81,431.3 1 1
booker/search/filter.go:436.73,437.81 1 1
booker/search/filter.go:437.81,439.3 1 1
booker/search/filter.go:444.73,446.2 1 1
booker/search/filter.go:449.67,450.17 1 1
booker/search/filter.go:450.17,452.3 1 1
booker/search/filter.go:453.2,454.57 2 1
booker/search/filter.go:459.75,460.21 1 1
booker/search/filter.go:460.21,462.3 1 1
booker/search/filter.go:463.2,464.60 2 1
booker/search/filter.go:468.113,469.33 1 1
booker/search/filter.go:469.33,471.3 1 1
booker/search/filter.go:472.2,472.26 1 1
booker/search/filter.go:472.26,474.3 1 1
booker/search/filter.go:475.2,477.62 3 1
booker/search/filter.go:477.62,479.3 1 1
booker/search/filter.go:480.2,482.32 3 1
booker/search/filter.go:482.32,484.3 1 0
booker/search/filter.go:485.2,485.34 1 1
booker/search/filter.go:485.34,487.3 1 1
booker/search/filter.go:488.2,488.13 1 1
booker/search/filter.go:492.52,494.44 2 1
booker/search/filter.go:494.44,495.40 1 1
booker/search/filter.go:495.40,497.4 1 1
booker/search/filter.go:499.2,499.14 1 1
booker/search/picker.go:27.73,29.2 1 1
booker/search/picker.go:33.38,35.2 1 0
booker/search/picker.go:39.83,40.28 1 1
booker/search/picker.go:40.28,42.3 1 0
booker/search/picker.go:43.2,43.28 1 1
booker/search/picker.go:43.28,45.3 1 1
booker/search/picker.go:48.2,48.39 1 1
booker/search/picker.go:48.39,51.3 2 1
booker/search/picker.go:53.2,54.16 2 1
booker/search/picker.go:54.16,57.3 2 1
booker/search/picker.go:58.2,58.28 1 1
booker/search/picker.go:62.38,63.33 1 1
booker/search/picker.go:63.33,64.27 1 1
booker/search/picker.go:64.27,66.4 1 1
booker/search/picker.go:68.2,68.24 1 0
booker/search/picker.go:76.90,90.16 5 1
booker/search/picker.go:90.16,92.3 1 1
booker/search/picker.go:95.2,98.65 3 1
booker/search/picker.go:98.65,100.3 1 1
booker/search/picker.go:102.2,102.31 1 1
booker/search/picker.go:102.31,104.3 1 1
booker/search/picker.go:106.2,106.33 1 1
booker/search/picker.go:106.33,107.34 1 1
booker/search/picker.go:107.34,109.4 1 1
booker/search/picker.go:111.2,111.77 1 1
booker/search/picker.go:114.45,118.33 4 1
booker/search/picker.go:118.33,120.3 1 1
booker/search/picker.go:121.2,123.19 3 1
booker/main.go:5.13,7.2 1 0
booker/provider/kiwi/kiwi.go:20.72,22.2 1 0
booker/provider/kiwi/kiwi.go:24.47,26.2 1 0
booker/provider/kiwi/kiwi.go:31.97,37.28 3 0
booker/provider/kiwi/kiwi.go:37.28,39.3 1 0
booker/provider/kiwi/kiwi.go:40.2,40.33 1 0
booker/provider/kiwi/kiwi.go:40.33,42.3 1 0
booker/provider/kiwi/kiwi.go:44.2,63.23 3 0
booker/provider/kiwi/kiwi.go:63.23,65.3 1 0
booker/provider/kiwi/kiwi.go:67.2,68.16 2 0
booker/provider/kiwi/kiwi.go:68.16,70.3 1 0
booker/provider/kiwi/kiwi.go:72.2,80.65 4 0
booker/provider/kiwi/kiwi.go:80.65,82.3 1 0
booker/provider/kiwi/kiwi.go:84.2,86.29 2 0
booker/provider/kiwi/kiwi.go:89.33,90.14 1 0
booker/provider/kiwi/kiwi.go:91.56,92.14 1 0
booker/provider/kiwi/kiwi.go:93.10,94.34 1 0
booker/provider/kiwi/kiwi.go:98.53,99.11 1 0
booker/provider/kiwi/kiwi.go:100.27,101.34 1 0
booker/provider/kiwi/kiwi.go:102.24,103.31 1 0
booker/provider/kiwi/kiwi.go:104.33,105.40 1 0
booker/provider/kiwi/kiwi.go:106.10,107.33 1 0
booker/provider/kiwi/parser.go:21.60,25.34 3 0
booker/provider/kiwi/parser.go:25.34,27.17 2 0
booker/provider/kiwi/parser.go:27.17,29.4 1 0
booker/provider/kiwi/parser.go:30.3,30.31 1 0
booker/provider/kiwi/parser.go:32.2,32.21 1 0
booker/provider/kiwi/parser.go:35.88,37.16 2 0
booker/provider/kiwi/parser.go:37.16,39.3 1 0
booker/provider/kiwi/parser.go:41.2,42.22 2 0
booker/provider/kiwi/parser.go:42.22,44.3 1 0
booker/provider/kiwi/parser.go:46.2,47.16 2 0
booker/provider/kiwi/parser.go:47.16,49.3 1 0
booker/provider/kiwi/parser.go:51.2,52.25 2 0
booker/provider/kiwi/parser.go:52.25,54.17 2 0
booker/provider/kiwi/parser.go:54.17,56.4 1 0
booker/provider/kiwi/parser.go:59.2,62.31 3 0
booker/provider/kiwi/parser.go:62.31,64.3 1 0
booker/provider/kiwi/parser.go:66.2,78.8 1 0
booker/provider/kiwi/parser.go:81.87,83.43 2 0
booker/provider/kiwi/parser.go:83.43,85.17 2 0
booker/provider/kiwi/parser.go:85.17,87.4 1 0
booker/provider/kiwi/parser.go:89.3,89.24 1 0
booker/provider/kiwi/parser.go:89.24,91.4 1 0
booker/provider/kiwi/parser.go:92.3,92.35 1 0
booker/provider/kiwi/parser.go:94.2,94.22 1 0
booker/provider/kiwi/parser.go:97.84,99.16 2 0
booker/provider/kiwi/parser.go:99.16,101.3 1 0
booker/provider/kiwi/parser.go:102.2,103.16 2 0
booker/provider/kiwi/parser.go:103.16,105.3 1 0
booker/provider/kiwi/parser.go:107.2,108.23 2 0
booker/provider/kiwi/parser.go:108.23,110.3 1 0
booker/provider/kiwi/parser.go:112.2,127.8 1 0
booker/provider/kiwi/parser.go:130.48,131.40 1 0
booker/provider/kiwi/parser.go:131.40,133.17 2 0
booker/provider/kiwi/parser.go:133.17,135.4 1 0
booker/provider/kiwi/parser.go:137.2,137.11 1 0
booker/provider/kiwi/parser.go:140.63,142.29 2 0
booker/provider/kiwi/parser.go:142.29,144.3 1 0
booker/provider/kiwi/parser.go:145.2,145.10 1 0
booker/provider/kiwi/parser.go:148.50,149.14 1 0
booker/provider/kiwi/parser.go:150.32,151.29 1 0
booker/provider/kiwi/parser.go:152.29,153.26 1 0
booker/provider/kiwi/parser.go:154.38,155.35 1 0
booker/provider/kiwi/parser.go:156.10,157.28 1 0
booker/provider/kiwi/response.go:46.47,47.22 1 0
booker/provider/kiwi/response.go:47.22,49.3 1 0
booker/provider/kiwi/response.go:50.2,50.20 1 0
