mode: set
booker/search/direct/direct.go:27.79,29.2 1 1
booker/search/direct/direct.go:32.34,32.53 1 0
booker/search/direct/direct.go:35.41,38.2 1 0
booker/search/direct/direct.go:42.96,44.16 2 1
booker/search/direct/direct.go:44.16,46.3 1 0
booker/search/direct/direct.go:48.2,59.37 3 1
booker/search/direct/direct.go:59.37,61.17 2 1
booker/search/direct/direct.go:61.17,62.12 1 0
booker/search/direct/direct.go:64.3,64.46 1 1
booker/search/direct/direct.go:68.2,74.31 5 1
booker/search/direct/direct.go:74.31,76.3 1 1
booker/search/direct/direct.go:79.2,79.46 1 1
booker/search/direct/direct.go:79.46,81.3 1 1
booker/search/direct/direct.go:84.2,84.21 1 1
booker/search/direct/direct.go:84.21,86.17 2 0
booker/search/direct/direct.go:86.17,88.4 1 0
booker/search/direct/direct.go:93.2,93.61 1 1
booker/search/direct/direct.go:93.61,95.3 1 0
booker/search/direct/direct.go:97.2,97.25 1 1
booker/search/direct/direct.go:100.57,108.25 2 1
booker/search/direct/direct.go:108.25,112.3 3 1
booker/search/direct/direct.go:114.2,114.13 1 1
booker/search/filter.go:110.45,113.2 2 1
booker/search/filter.go:116.41,119.2 2 1
booker/search/filter.go:123.59,125.28 2 1
booker/search/filter.go:125.28,126.25 1 1
booker/search/filter.go:126.25,127.12 1 1
booker/search/filter.go:129.3,129.33 1 1
booker/search/filter.go:131.2,131.17 1 1
booker/search/filter.go:139.91,141.28 2 1
booker/search/filter.go:141.28,142.27 1 1
booker/search/filter.go:142.27,143.12 1 1
booker/search/filter.go:145.3,146.50 2 1
booker/search/filter.go:146.50,148.4 1 1
booker/search/filter.go:150.2,150.17 1 1
booker/search/filter.go:158.76,159.18 1 1
booker/search/filter.go:159.18,161.3 1 1
booker/search/filter.go:162.2,163.28 2 1
booker/search/filter.go:163.28,164.28 1 1
booker/search/filter.go:164.28,166.4 1 1
booker/search/filter.go:168.2,168.17 1 1
booker/search/filter.go:173.62,175.28 2 1
booker/search/filter.go:175.28,176.25 1 1
booker/search/filter.go:176.25,178.4 1 1
booker/search/filter.go:180.2,180.17 1 1
booker/search/filter.go:183.43,184.67 1 1
booker/search/filter.go:184.67,185.32 1 1
booker/search/filter.go:185.32,186.79 1 1
booker/search/filter.go:186.79,188.5 1 1
booker/search/filter.go:189.4,189.65 1 1
booker/search/filter.go:189.65,191.5 1 1
booker/search/filter.go:194.2,194.14 1 1
booker/search/picker.go:20.71,22.2 1 1
booker/search/picker.go:25.75,26.28 1 1
booker/search/picker.go:26.28,28.3 1 0
booker/search/picker.go:29.2,29.28 1 1
booker/search/picker.go:29.28,31.3 1 1
booker/search/picker.go:34.2,34.39 1 1
booker/search/picker.go:34.39,36.3 1 1
booker/search/picker.go:38.2,39.16 2 0
booker/search/picker.go:39.16,41.3 1 0
booker/search/picker.go:42.2,42.20 1 0
booker/search/picker.go:46.38,47.33 1 1
booker/search/picker.go:47.33,48.27 1 1
booker/search/picker.go:48.27,50.4 1 1
booker/search/picker.go:52.2,52.24 1 0
booker/search/picker.go:60.82,74.16 5 0
booker/search/picker.go:74.16,76.3 1 0
booker/search/picker.go:79.2,86.65 7 0
booker/search/picker.go:86.65,88.3 1 0
booker/search/picker.go:90.2,90.33 1 0
booker/search/picker.go:90.33,91.34 1 0
booker/search/picker.go:91.34,93.4 1 0
booker/search/picker.go:95.2,95.73 1 0
booker/search/picker.go:98.45,102.33 4 0
booker/search/picker.go:102.33,104.3 1 0
booker/search/picker.go:105.2,106.19 2 0
booker/search/multicity/combiner.go:49.86,51.24 2 1
booker/search/multicity/combiner.go:51.24,53.3 1 1
booker/search/multicity/combiner.go:54.2,55.24 2 1
booker/search/multicity/combiner.go:55.24,57.3 1 1
booker/search/multicity/combiner.go:59.2,60.26 2 1
booker/search/multicity/combiner.go:60.26,61.34 1 1
booker/search/multicity/combiner.go:61.34,62.12 1 1
booker/search/multicity/combiner.go:65.3,66.27 2 1
booker/search/multicity/combiner.go:66.27,67.12 1 1
booker/search/multicity/combiner.go:70.3,70.27 1 1
booker/search/multicity/combiner.go:70.27,71.35 1 1
booker/search/multicity/combiner.go:71.35,72.13 1 1
booker/search/multicity/combiner.go:75.4,76.30 2 1
booker/search/multicity/combiner.go:76.30,77.13 1 0
booker/search/multicity/combiner.go:81.4,82.38 2 1
booker/search/multicity/combiner.go:82.38,83.13 1 1
booker/search/multicity/combiner.go:86.4,87.35 2 1
booker/search/multicity/combiner.go:90.2,90.16 1 1
booker/search/multicity/combiner.go:96.52,97.31 1 1
booker/search/multicity/combiner.go:97.31,98.72 1 1
booker/search/multicity/combiner.go:98.72,100.4 1 1
booker/search/multicity/combiner.go:101.3,101.72 1 1
booker/search/multicity/combiner.go:101.72,103.4 1 1
booker/search/multicity/combiner.go:105.2,105.14 1 1
booker/search/multicity/combiner.go:108.54,109.24 1 1
booker/search/multicity/combiner.go:109.24,111.3 1 1
booker/search/multicity/combiner.go:112.2,112.46 1 1
booker/search/multicity/combiner.go:115.57,116.24 1 1
booker/search/multicity/combiner.go:116.24,118.3 1 1
booker/search/multicity/combiner.go:119.2,119.34 1 1
booker/search/multicity/combiner.go:123.101,152.2 6 1
booker/search/multicity/combiner.go:157.44,159.33 2 1
booker/search/multicity/combiner.go:159.33,161.3 1 1
booker/search/multicity/combiner.go:162.2,164.34 3 1
booker/search/multicity/combiner.go:164.34,165.24 1 1
booker/search/multicity/combiner.go:165.24,168.4 2 1
booker/search/multicity/combiner.go:170.2,170.13 1 1
booker/search/multicity/combiner.go:174.42,176.2 1 1
booker/search/multicity/multicity.go:138.104,143.2 1 0
booker/search/multicity/multicity.go:146.97,149.16 2 0
booker/search/multicity/multicity.go:149.16,151.3 1 0
booker/search/multicity/multicity.go:153.2,154.27 2 0
booker/search/multicity/multicity.go:154.27,156.17 2 0
booker/search/multicity/multicity.go:156.17,158.4 1 0
booker/search/multicity/multicity.go:161.2,162.19 2 0
booker/search/multicity/multicity.go:162.19,164.3 1 0
booker/search/multicity/multicity.go:165.2,170.24 4 0
booker/search/multicity/multicity.go:170.24,172.3 1 0
booker/search/multicity/multicity.go:174.2,175.25 2 0
booker/search/multicity/multicity.go:175.25,177.3 1 0
booker/search/multicity/multicity.go:178.2,178.25 1 0
booker/search/multicity/multicity.go:178.25,180.3 1 0
booker/search/multicity/multicity.go:182.2,207.37 5 0
booker/search/multicity/multicity.go:207.37,208.51 1 0
booker/search/multicity/multicity.go:208.51,210.4 1 0
booker/search/multicity/multicity.go:214.2,219.33 2 0
booker/search/multicity/multicity.go:219.33,222.30 2 0
booker/search/multicity/multicity.go:222.30,260.4 10 0
booker/search/multicity/multicity.go:263.3,263.34 1 0
booker/search/multicity/multicity.go:263.34,265.62 2 0
booker/search/multicity/multicity.go:265.62,280.19 4 0
booker/search/multicity/multicity.go:280.19,283.6 2 0
booker/search/multicity/multicity.go:285.5,285.31 1 0
booker/search/multicity/multicity.go:285.31,290.6 4 0
booker/search/multicity/multicity.go:292.5,292.85 1 0
booker/search/multicity/multicity.go:296.2,306.23 2 0
booker/search/multicity/multicity.go:306.23,339.3 19 0
booker/search/multicity/multicity.go:347.2,348.29 2 0
booker/search/multicity/multicity.go:348.29,353.24 3 0
booker/search/multicity/multicity.go:353.24,356.4 1 0
booker/search/multicity/multicity.go:356.9,358.4 1 0
booker/search/multicity/multicity.go:366.2,367.37 2 0
booker/search/multicity/multicity.go:367.37,372.59 3 0
booker/search/multicity/multicity.go:372.59,373.12 1 0
booker/search/multicity/multicity.go:375.3,375.59 1 0
booker/search/multicity/multicity.go:375.59,376.12 1 0
booker/search/multicity/multicity.go:378.3,378.34 1 0
booker/search/multicity/multicity.go:378.34,379.12 1 0
booker/search/multicity/multicity.go:381.3,381.75 1 0
booker/search/multicity/multicity.go:381.75,382.12 1 0
booker/search/multicity/multicity.go:384.3,384.75 1 0
booker/search/multicity/multicity.go:384.75,385.12 1 0
booker/search/multicity/multicity.go:388.3,389.15 2 0
booker/search/multicity/multicity.go:392.2,395.30 3 0
booker/search/multicity/multicity.go:395.30,397.3 1 0
booker/search/multicity/multicity.go:400.2,400.49 1 0
booker/search/multicity/multicity.go:400.49,402.3 1 0
booker/search/multicity/multicity.go:409.2,410.16 2 0
booker/search/multicity/multicity.go:410.16,412.71 2 0
booker/search/multicity/multicity.go:412.71,414.4 1 0
booker/search/multicity/multicity.go:415.3,415.29 1 0
booker/search/multicity/multicity.go:418.2,418.62 1 0
booker/search/multicity/multicity.go:418.62,420.3 1 0
booker/search/multicity/multicity.go:422.2,422.20 1 0
booker/search/multicity/multicity.go:428.94,430.58 2 0
booker/search/multicity/multicity.go:430.58,434.3 3 0
booker/search/multicity/multicity.go:436.2,438.58 3 0
booker/search/multicity/multicity.go:438.58,442.3 3 0
booker/search/multicity/multicity.go:444.2,459.3 1 0
booker/search/multicity/multicity.go:465.99,475.2 7 0
booker/search/multicity/multicity.go:477.103,479.37 2 0
booker/search/multicity/multicity.go:479.37,481.17 2 0
booker/search/multicity/multicity.go:481.17,483.12 2 0
booker/search/multicity/multicity.go:485.3,485.46 1 0
booker/search/multicity/multicity.go:487.2,487.19 1 0
booker/search/multicity/multicity.go:491.64,494.31 3 0
booker/search/multicity/multicity.go:494.31,495.29 1 0
booker/search/multicity/multicity.go:495.29,497.17 2 0
booker/search/multicity/multicity.go:497.17,499.28 1 0
booker/search/multicity/multicity.go:499.28,502.6 2 0
booker/search/multicity/multicity.go:504.4,504.17 1 0
booker/search/multicity/multicity.go:504.17,505.13 1 0
booker/search/multicity/multicity.go:507.4,508.30 2 0
booker/search/multicity/multicity.go:511.2,511.15 1 0
booker/search/multicity/ranker.go:77.71,79.2 1 0
booker/search/multicity/ranker.go:91.104,92.27 1 0
booker/search/multicity/ranker.go:92.27,94.3 1 0
booker/search/multicity/ranker.go:97.2,98.44 2 0
booker/search/multicity/ranker.go:98.44,100.3 1 0
booker/search/multicity/ranker.go:102.2,111.16 5 0
booker/search/multicity/ranker.go:111.16,113.3 1 0
booker/search/multicity/ranker.go:115.2,116.16 2 0
booker/search/multicity/ranker.go:116.16,118.3 1 0
booker/search/multicity/ranker.go:121.2,121.30 1 0
booker/search/multicity/ranker.go:121.30,122.52 1 0
booker/search/multicity/ranker.go:122.52,125.4 2 0
booker/search/multicity/ranker.go:129.2,131.35 3 0
booker/search/multicity/ranker.go:131.35,132.40 1 0
booker/search/multicity/ranker.go:132.40,133.41 1 0
booker/search/multicity/ranker.go:133.41,135.5 1 0
booker/search/multicity/ranker.go:139.2,139.20 1 0
booker/search/multicity/ranker.go:143.49,175.2 1 0
booker/search/multicity/ranker.go:179.64,183.35 3 0
booker/search/multicity/ranker.go:183.35,189.33 5 0
booker/search/multicity/ranker.go:189.33,191.44 2 0
booker/search/multicity/ranker.go:191.44,201.32 2 0
booker/search/multicity/ranker.go:201.32,203.6 1 0
booker/search/multicity/ranker.go:205.4,205.27 1 0
booker/search/multicity/ranker.go:205.27,209.5 1 0
booker/search/multicity/ranker.go:211.3,211.22 1 0
booker/search/multicity/ranker.go:213.2,213.19 1 0
booker/search/multicity/ranker.go:216.45,219.17 3 0
booker/search/multicity/ranker.go:219.17,223.3 3 0
booker/search/multicity/ranker.go:224.2,224.44 1 0
booker/search/multicity/ranker.go:227.66,236.66 7 0
booker/search/multicity/ranker.go:236.66,238.3 1 0
booker/search/multicity/ranker.go:239.2,239.21 1 0
booker/search/multicity/stopovers.go:187.67,190.45 1 0
booker/search/multicity/stopovers.go:190.45,192.3 1 0
booker/search/multicity/stopovers.go:194.2,194.26 1 0
booker/search/multicity/strategy.go:16.65,18.2 1 1
booker/search/multicity/strategy.go:21.34,21.56 1 1
booker/search/multicity/strategy.go:24.41,29.2 1 1
booker/search/multicity/strategy.go:32.96,34.2 1 0
booker/search/multicity/strategy.go:36.68,49.2 1 1
booker/types/types.go:54.43,56.2 1 1
booker/types/types.go:72.29,73.26 1 1
booker/types/types.go:73.26,75.3 1 1
booker/types/types.go:76.2,76.28 1 1
booker/types/types.go:124.39,126.2 1 1
booker/provider/cache/cache.go:43.77,45.2 1 1
booker/provider/cache/cache.go:48.47,50.2 1 0
booker/provider/cache/cache.go:54.97,57.37 2 1
booker/provider/cache/cache.go:57.37,62.3 2 1
booker/provider/cache/cache.go:64.2,69.16 3 1
booker/provider/cache/cache.go:69.16,71.3 1 0
booker/provider/cache/cache.go:73.2,74.21 2 1
booker/provider/cache/cache.go:77.62,90.2 4 1
booker/provider/cache/cache.go:98.61,100.16 2 1
booker/provider/cache/cache.go:100.16,102.3 1 1
booker/provider/cache/cache.go:104.2,105.53 2 1
booker/provider/cache/cache.go:105.53,107.3 1 0
booker/provider/cache/cache.go:109.2,109.53 1 1
booker/provider/cache/cache.go:109.53,111.3 1 1
booker/provider/cache/cache.go:113.2,113.28 1 1
booker/provider/cache/cache.go:118.124,120.9 2 0
booker/provider/cache/cache.go:120.9,122.3 1 0
booker/provider/cache/cache.go:124.2,126.46 2 0
booker/provider/cache/cache.go:126.46,130.3 2 0
booker/provider/cache/cache.go:132.2,136.16 3 0
booker/provider/cache/cache.go:136.16,138.3 1 0
booker/provider/cache/cache.go:140.2,141.21 2 0
booker/provider/cache/cache.go:144.77,156.2 4 0
booker/provider/cache/cache.go:163.82,165.16 2 0
booker/provider/cache/cache.go:165.16,167.3 1 0
booker/provider/cache/cache.go:169.2,170.53 2 0
booker/provider/cache/cache.go:170.53,172.3 1 0
booker/provider/cache/cache.go:174.2,174.53 1 0
booker/provider/cache/cache.go:174.53,176.3 1 0
booker/provider/cache/cache.go:178.2,178.28 1 0
booker/provider/cache/cache.go:181.84,182.63 1 0
booker/provider/cache/cache.go:182.63,185.3 2 0
booker/provider/cache/cache.go:187.2,192.16 3 0
booker/provider/cache/cache.go:192.16,195.3 2 0
booker/provider/cache/cache.go:197.2,197.56 1 0
booker/provider/cache/cache.go:197.56,199.3 1 0
booker/provider/cache/cache.go:202.63,203.63 1 1
booker/provider/cache/cache.go:203.63,206.3 2 0
booker/provider/cache/cache.go:208.2,213.16 3 1
booker/provider/cache/cache.go:213.16,216.3 2 0
booker/provider/cache/cache.go:218.2,218.56 1 1
booker/provider/cache/cache.go:218.56,220.3 1 0
booker/provider/serpapi/parser.go:16.60,18.71 2 1
booker/provider/serpapi/parser.go:18.71,20.17 2 1
booker/provider/serpapi/parser.go:20.17,21.12 1 0
booker/provider/serpapi/parser.go:23.3,23.31 1 1
booker/provider/serpapi/parser.go:25.2,25.21 1 1
booker/provider/serpapi/parser.go:28.60,30.16 2 1
booker/provider/serpapi/parser.go:30.16,32.3 1 0
booker/provider/serpapi/parser.go:34.2,40.8 1 1
booker/provider/serpapi/parser.go:43.87,45.27 2 1
booker/provider/serpapi/parser.go:45.27,47.17 2 1
booker/provider/serpapi/parser.go:47.17,49.4 1 0
booker/provider/serpapi/parser.go:50.3,51.17 2 1
booker/provider/serpapi/parser.go:51.17,53.4 1 0
booker/provider/serpapi/parser.go:55.3,58.24 3 1
booker/provider/serpapi/parser.go:58.24,60.4 1 1
booker/provider/serpapi/parser.go:62.3,75.5 1 1
booker/provider/serpapi/parser.go:77.2,77.17 1 1
booker/provider/serpapi/parser.go:81.60,83.21 2 1
booker/provider/serpapi/parser.go:83.21,85.3 1 1
booker/provider/serpapi/parser.go:86.2,86.15 1 0
booker/provider/serpapi/parser.go:91.110,93.16 2 0
booker/provider/serpapi/parser.go:93.16,95.3 1 0
booker/provider/serpapi/parser.go:97.2,98.16 2 0
booker/provider/serpapi/parser.go:98.16,100.3 1 0
booker/provider/serpapi/parser.go:104.2,110.66 5 0
booker/provider/serpapi/parser.go:110.66,114.3 3 0
booker/provider/serpapi/parser.go:116.2,118.66 3 0
booker/provider/serpapi/parser.go:118.66,122.3 3 0
booker/provider/serpapi/parser.go:124.2,139.8 1 0
booker/provider/serpapi/parser.go:142.51,143.32 1 1
booker/provider/serpapi/parser.go:144.18,145.29 1 0
booker/provider/serpapi/parser.go:146.15,147.26 1 0
booker/provider/serpapi/parser.go:148.25,149.35 1 0
booker/provider/serpapi/parser.go:150.10,151.28 1 1
booker/provider/serpapi/serpapi.go:24.72,26.2 1 0
booker/provider/serpapi/serpapi.go:29.47,31.2 1 0
booker/provider/serpapi/serpapi.go:34.97,36.23 2 0
booker/provider/serpapi/serpapi.go:36.23,38.3 1 0
booker/provider/serpapi/serpapi.go:40.2,55.16 3 0
booker/provider/serpapi/serpapi.go:55.16,57.3 1 0
booker/provider/serpapi/serpapi.go:59.2,62.61 3 0
booker/provider/serpapi/serpapi.go:62.61,64.3 1 0
booker/provider/serpapi/serpapi.go:66.2,67.16 2 0
booker/provider/serpapi/serpapi.go:67.16,69.3 1 0
booker/provider/serpapi/serpapi.go:71.2,75.21 2 0
booker/provider/serpapi/serpapi.go:93.114,94.19 1 0
booker/provider/serpapi/serpapi.go:94.19,96.3 1 0
booker/provider/serpapi/serpapi.go:98.2,99.16 2 0
booker/provider/serpapi/serpapi.go:99.16,101.3 1 0
booker/provider/serpapi/serpapi.go:103.2,117.16 3 0
booker/provider/serpapi/serpapi.go:117.16,119.3 1 0
booker/provider/serpapi/serpapi.go:121.2,124.66 3 0
booker/provider/serpapi/serpapi.go:124.66,126.3 1 0
booker/provider/serpapi/serpapi.go:128.2,133.27 5 0
booker/provider/serpapi/serpapi.go:133.27,135.3 1 0
booker/provider/serpapi/serpapi.go:138.2,138.46 1 0
booker/provider/serpapi/serpapi.go:138.46,140.3 1 0
booker/provider/serpapi/serpapi.go:141.2,141.33 1 0
booker/provider/serpapi/serpapi.go:141.33,143.3 1 0
booker/provider/serpapi/serpapi.go:146.2,147.35 2 0
booker/provider/serpapi/serpapi.go:147.35,148.32 1 0
booker/provider/serpapi/serpapi.go:148.32,149.12 1 0
booker/provider/serpapi/serpapi.go:152.3,154.17 3 0
booker/provider/serpapi/serpapi.go:154.17,156.12 2 0
booker/provider/serpapi/serpapi.go:159.3,160.72 2 0
booker/provider/serpapi/serpapi.go:160.72,162.12 2 0
booker/provider/serpapi/serpapi.go:165.3,170.36 5 0
booker/provider/serpapi/serpapi.go:170.36,176.4 1 0
booker/provider/serpapi/serpapi.go:178.2,180.21 2 0
booker/provider/serpapi/serpapi.go:184.63,190.16 3 0
booker/provider/serpapi/serpapi.go:190.16,192.3 1 0
booker/provider/serpapi/serpapi.go:193.2,193.23 1 0
booker/provider/serpapi/serpapi.go:198.124,211.16 3 0
booker/provider/serpapi/serpapi.go:211.16,213.3 1 0
booker/provider/serpapi/serpapi.go:215.2,216.28 2 0
booker/provider/serpapi/serpapi.go:216.28,218.17 2 0
booker/provider/serpapi/serpapi.go:218.17,220.12 2 0
booker/provider/serpapi/serpapi.go:222.3,223.17 2 0
booker/provider/serpapi/serpapi.go:223.17,225.12 2 0
booker/provider/serpapi/serpapi.go:228.3,236.5 4 0
booker/provider/serpapi/serpapi.go:239.2,239.17 1 0
booker/provider/serpapi/serpapi.go:245.56,246.11 1 0
booker/provider/serpapi/serpapi.go:247.27,248.37 1 0
booker/provider/serpapi/serpapi.go:249.24,250.34 1 0
booker/provider/serpapi/serpapi.go:251.33,252.43 1 0
booker/provider/serpapi/serpapi.go:253.10,254.36 1 0
booker/aggregator/aggregator.go:18.51,20.2 1 0
booker/aggregator/aggregator.go:25.94,35.30 3 0
booker/aggregator/aggregator.go:35.30,37.32 2 0
booker/aggregator/aggregator.go:37.32,43.18 5 0
booker/aggregator/aggregator.go:43.18,49.5 2 0
booker/aggregator/aggregator.go:50.4,50.41 1 0
booker/aggregator/aggregator.go:54.2,56.42 2 0
booker/aggregator/aggregator.go:56.42,58.3 1 0
booker/aggregator/aggregator.go:60.2,64.3 1 0
booker/main.go:5.13,7.2 1 0
booker/config/config.go:72.23,113.2 1 0
booker/llm/client.go:33.65,35.2 1 0
booker/llm/client.go:39.90,41.16 2 0
booker/llm/client.go:41.16,43.3 1 0
booker/llm/client.go:45.2,45.27 1 0
booker/llm/client.go:45.27,47.3 1 0
booker/llm/client.go:49.2,50.57 2 0
booker/llm/client.go:55.112,66.24 4 0
booker/llm/client.go:67.30,68.25 1 0
booker/llm/client.go:69.10,70.37 1 0
booker/llm/client.go:73.2,79.75 3 0
booker/llm/client.go:79.75,81.3 1 0
booker/llm/client.go:83.2,83.23 1 0
booker/llm/client.go:83.23,85.3 1 0
booker/llm/client.go:87.2,87.28 1 0
booker/llm/client.go:87.28,89.3 1 0
booker/llm/client.go:91.2,94.45 2 0
booker/cmd/root.go:29.16,30.42 1 0
booker/cmd/root.go:30.42,33.3 2 0
booker/cmd/root.go:36.13,38.2 1 0
booker/cmd/root.go:40.19,48.30 5 0
booker/cmd/root.go:48.30,49.69 1 0
booker/cmd/root.go:49.69,51.4 1 0
booker/cmd/search.go:67.13,85.2 14 0
booker/cmd/search.go:93.57,98.9 4 0
booker/cmd/search.go:98.9,100.3 1 0
booker/cmd/search.go:102.2,113.50 8 0
booker/cmd/search.go:113.50,115.3 1 0
booker/cmd/search.go:117.2,145.16 11 0
booker/cmd/search.go:145.16,147.3 1 0
booker/cmd/search.go:150.2,150.74 1 0
booker/cmd/search.go:150.74,152.3 1 0
booker/cmd/search.go:154.2,157.16 3 0
booker/cmd/search.go:157.16,159.3 1 0
booker/cmd/search.go:161.2,161.23 1 0
booker/cmd/search.go:161.23,164.3 2 0
booker/cmd/search.go:166.2,167.12 2 0
booker/cmd/search.go:170.61,182.35 5 0
booker/cmd/search.go:182.35,195.3 2 0
booker/cmd/search.go:197.2,199.15 3 0
booker/cmd/search.go:202.48,203.25 1 0
booker/cmd/search.go:203.25,205.3 1 0
booker/cmd/search.go:206.2,207.32 2 0
booker/cmd/search.go:207.32,208.43 1 0
booker/cmd/search.go:208.43,209.19 1 0
booker/cmd/search.go:209.19,211.5 1 0
booker/cmd/search.go:212.4,212.23 1 0
booker/cmd/search.go:216.2,217.22 2 0
booker/cmd/search.go:217.22,219.3 1 0
booker/cmd/search.go:220.2,220.14 1 0
booker/cmd/search.go:223.60,224.30 1 0
booker/cmd/search.go:224.30,226.3 1 0
booker/cmd/search.go:227.2,229.56 3 0
booker/cmd/search.go:229.56,231.17 2 0
booker/cmd/search.go:231.17,233.4 1 0
booker/cmd/search.go:234.3,234.17 1 0
booker/cmd/search.go:234.17,235.12 1 0
booker/cmd/search.go:237.3,238.19 2 0
booker/cmd/search.go:238.19,240.4 1 0
booker/cmd/search.go:241.3,241.17 1 0
booker/cmd/search.go:243.2,243.15 1 0
booker/cmd/search.go:246.61,247.30 1 0
booker/cmd/search.go:247.30,249.3 1 0
booker/cmd/search.go:250.2,251.20 2 0
booker/cmd/search.go:251.20,253.3 1 0
booker/cmd/search.go:254.2,254.56 1 0
booker/cmd/search.go:257.51,258.57 1 0
booker/cmd/search.go:258.57,260.3 1 0
booker/cmd/search.go:261.2,262.67 2 0
booker/cmd/search.go:265.40,266.13 1 0
booker/cmd/search.go:267.13,268.14 1 0
booker/cmd/search.go:269.13,270.13 1 0
booker/cmd/search.go:271.13,272.15 1 0
booker/cmd/search.go:273.13,274.14 1 0
booker/cmd/search.go:275.13,276.15 1 0
booker/cmd/search.go:277.10,278.19 1 0
booker/cmd/search.go:282.45,285.9 3 0
booker/cmd/search.go:286.19,287.52 1 0
booker/cmd/search.go:288.17,289.35 1 0
booker/cmd/search.go:290.10,291.45 1 0
booker/provider/kiwi/kiwi.go:20.72,22.2 1 0
booker/provider/kiwi/kiwi.go:24.47,26.2 1 0
booker/provider/kiwi/kiwi.go:31.97,37.28 3 0
booker/provider/kiwi/kiwi.go:37.28,39.3 1 0
booker/provider/kiwi/kiwi.go:40.2,40.33 1 0
booker/provider/kiwi/kiwi.go:40.33,42.3 1 0
booker/provider/kiwi/kiwi.go:44.2,63.23 3 0
booker/provider/kiwi/kiwi.go:63.23,65.3 1 0
booker/provider/kiwi/kiwi.go:67.2,68.16 2 0
booker/provider/kiwi/kiwi.go:68.16,70.3 1 0
booker/provider/kiwi/kiwi.go:72.2,80.65 4 0
booker/provider/kiwi/kiwi.go:80.65,82.3 1 0
booker/provider/kiwi/kiwi.go:84.2,86.29 2 0
booker/provider/kiwi/kiwi.go:89.33,90.14 1 0
booker/provider/kiwi/kiwi.go:91.56,92.14 1 0
booker/provider/kiwi/kiwi.go:93.10,94.34 1 0
booker/provider/kiwi/kiwi.go:98.53,99.11 1 0
booker/provider/kiwi/kiwi.go:100.27,101.34 1 0
booker/provider/kiwi/kiwi.go:102.24,103.31 1 0
booker/provider/kiwi/kiwi.go:104.33,105.40 1 0
booker/provider/kiwi/kiwi.go:106.10,107.33 1 0
booker/provider/kiwi/parser.go:21.60,25.34 3 0
booker/provider/kiwi/parser.go:25.34,27.17 2 0
booker/provider/kiwi/parser.go:27.17,29.4 1 0
booker/provider/kiwi/parser.go:30.3,30.31 1 0
booker/provider/kiwi/parser.go:32.2,32.21 1 0
booker/provider/kiwi/parser.go:35.88,37.16 2 0
booker/provider/kiwi/parser.go:37.16,39.3 1 0
booker/provider/kiwi/parser.go:41.2,42.22 2 0
booker/provider/kiwi/parser.go:42.22,44.3 1 0
booker/provider/kiwi/parser.go:46.2,47.16 2 0
booker/provider/kiwi/parser.go:47.16,49.3 1 0
booker/provider/kiwi/parser.go:51.2,52.25 2 0
booker/provider/kiwi/parser.go:52.25,54.17 2 0
booker/provider/kiwi/parser.go:54.17,56.4 1 0
booker/provider/kiwi/parser.go:59.2,62.31 3 0
booker/provider/kiwi/parser.go:62.31,64.3 1 0
booker/provider/kiwi/parser.go:66.2,78.8 1 0
booker/provider/kiwi/parser.go:81.87,83.43 2 0
booker/provider/kiwi/parser.go:83.43,85.17 2 0
booker/provider/kiwi/parser.go:85.17,87.4 1 0
booker/provider/kiwi/parser.go:89.3,89.24 1 0
booker/provider/kiwi/parser.go:89.24,91.4 1 0
booker/provider/kiwi/parser.go:92.3,92.35 1 0
booker/provider/kiwi/parser.go:94.2,94.22 1 0
booker/provider/kiwi/parser.go:97.84,99.16 2 0
booker/provider/kiwi/parser.go:99.16,101.3 1 0
booker/provider/kiwi/parser.go:102.2,103.16 2 0
booker/provider/kiwi/parser.go:103.16,105.3 1 0
booker/provider/kiwi/parser.go:107.2,108.23 2 0
booker/provider/kiwi/parser.go:108.23,110.3 1 0
booker/provider/kiwi/parser.go:112.2,127.8 1 0
booker/provider/kiwi/parser.go:130.48,131.40 1 0
booker/provider/kiwi/parser.go:131.40,133.17 2 0
booker/provider/kiwi/parser.go:133.17,135.4 1 0
booker/provider/kiwi/parser.go:137.2,137.11 1 0
booker/provider/kiwi/parser.go:140.63,142.29 2 0
booker/provider/kiwi/parser.go:142.29,144.3 1 0
booker/provider/kiwi/parser.go:145.2,145.10 1 0
booker/provider/kiwi/parser.go:148.50,149.14 1 0
booker/provider/kiwi/parser.go:150.32,151.29 1 0
booker/provider/kiwi/parser.go:152.29,153.26 1 0
booker/provider/kiwi/parser.go:154.38,155.35 1 0
booker/provider/kiwi/parser.go:156.10,157.28 1 0
booker/provider/kiwi/response.go:46.47,47.22 1 0
booker/provider/kiwi/response.go:47.22,49.3 1 0
booker/provider/kiwi/response.go:50.2,50.20 1 0
booker/httpclient/client.go:25.41,37.2 1 0
booker/httpclient/client.go:40.105,42.16 2 0
booker/httpclient/client.go:42.16,44.3 1 0
booker/httpclient/client.go:45.2,45.28 1 0
booker/httpclient/client.go:45.28,47.3 1 0
booker/httpclient/client.go:48.2,48.28 1 0
booker/httpclient/client.go:52.116,54.16 2 0
booker/httpclient/client.go:54.16,56.3 1 0
booker/httpclient/client.go:57.2,58.16 2 0
booker/httpclient/client.go:58.16,60.3 1 0
booker/httpclient/client.go:61.2,61.28 1 0
booker/httpclient/client.go:61.28,63.3 1 0
booker/httpclient/client.go:64.2,64.28 1 0
booker/httpclient/client.go:68.60,70.36 2 0
booker/httpclient/client.go:70.36,71.18 1 0
booker/httpclient/client.go:71.18,73.4 1 0
booker/httpclient/client.go:75.3,76.17 2 0
booker/httpclient/client.go:76.17,78.12 2 0
booker/httpclient/client.go:81.3,83.17 3 0
booker/httpclient/client.go:83.17,85.12 2 0
booker/httpclient/client.go:88.3,88.29 1 0
booker/httpclient/client.go:88.29,90.12 2 0
booker/httpclient/client.go:93.3,93.29 1 0
booker/httpclient/client.go:93.29,95.4 1 0
booker/httpclient/client.go:97.3,97.18 1 0
booker/httpclient/client.go:97.18,98.53 1 0
booker/httpclient/client.go:98.53,100.5 1 0
booker/httpclient/client.go:102.3,102.13 1 0
booker/httpclient/client.go:104.2,104.84 1 0
booker/httpclient/client.go:108.76,110.16 2 0
booker/httpclient/client.go:110.16,112.3 1 0
booker/httpclient/client.go:113.2,114.27 2 0
booker/httpclient/client.go:114.27,116.3 1 0
booker/httpclient/client.go:117.2,118.24 2 0
booker/provider/provider.go:53.30,55.2 1 0
booker/provider/provider.go:59.47,63.44 4 0
booker/provider/provider.go:63.44,65.3 1 0
booker/provider/provider.go:66.2,67.12 2 0
booker/provider/provider.go:71.67,76.2 4 0
booker/provider/provider.go:79.37,83.32 4 0
booker/provider/provider.go:83.32,85.3 1 0
booker/provider/provider.go:86.2,86.12 1 0
booker/currency/currency.go:30.19,31.17 1 0
booker/currency/currency.go:31.17,33.17 2 0
booker/currency/currency.go:33.17,37.4 3 0
booker/currency/currency.go:38.3,38.16 1 0
booker/currency/currency.go:38.16,38.41 1 0
booker/currency/currency.go:40.3,41.94 2 0
booker/currency/currency.go:41.94,45.4 3 0
booker/currency/currency.go:47.3,48.92 2 0
booker/currency/currency.go:53.43,56.9 3 0
booker/currency/currency.go:56.9,58.3 1 0
booker/currency/currency.go:59.2,59.15 1 0
booker/currency/currency.go:63.65,64.26 1 0
booker/currency/currency.go:64.26,66.3 1 0
booker/currency/currency.go:67.2,68.16 2 0
booker/currency/currency.go:68.16,70.3 1 0
booker/currency/currency.go:71.2,71.65 1 0
